

***********************************************************************
Fatal NI connect error 12560, connecting to:
 (DESCRIPTION=(ADDRESS=(PROTOCOL=BEQ)(PROGRAM=oracle)(ARGV0=oracleBCTCHAN)(ARGS='(DESCRIPTION=(LOCAL=YES)(ADDRESS=(PROTOCOL=beq)))'))(CONNECT_DATA=(SID=BCTCHAN)(CID=(PROGRAM=C:\Program Files\Microsoft Visual Studio\VB98\vb6.exe)(HOST=NAMHL)(USER=hlnam))))

  VERSION INFORMATION:
	TNS for 32-bit Windows: Version 10.2.0.1.0 - Production
	Oracle Bequeath NT Protocol Adapter for 32-bit Windows: Version 10.2.0.1.0 - Production
  Time: 16-AUG-2008 14:09:07
  Tracing not turned on.
  Tns error struct:
    ns main err code: 12560
    TNS-12560: TNS:protocol adapter error
    ns secondary err code: 0
    nt main err code: 530
    TNS-00530: Protocol adapter error
    nt secondary err code: 2
    nt OS err code: 0


***********************************************************************
Fatal NI connect error 12560, connecting to:
 (DESCRIPTION=(ADDRESS=(PROTOCOL=BEQ)(PROGRAM=oracle)(ARGV0=oracleBCTCHAN)(ARGS='(DESCRIPTION=(LOCAL=YES)(ADDRESS=(PROTOCOL=beq)))'))(CONNECT_DATA=(SID=BCTCHAN)(CID=(PROGRAM=C:\Program Files\Microsoft Visual Studio\VB98\vb6.exe)(HOST=NAMHL)(USER=hlnam))))

  VERSION INFORMATION:
	TNS for 32-bit Windows: Version 10.2.0.1.0 - Production
	Oracle Bequeath NT Protocol Adapter for 32-bit Windows: Version 10.2.0.1.0 - Production
  Time: 16-AUG-2008 14:09:10
  Tracing not turned on.
  Tns error struct:
    ns main err code: 12560
    TNS-12560: TNS:protocol adapter error
    ns secondary err code: 0
    nt main err code: 530
    TNS-00530: Protocol adapter error
    nt secondary err code: 2
    nt OS err code: 0


***********************************************************************
Fatal NI connect error 12560, connecting to:
 (DESCRIPTION=(ADDRESS=(PROTOCOL=BEQ)(PROGRAM=oracle)(ARGV0=oracleBCTCHAN)(ARGS='(DESCRIPTION=(LOCAL=YES)(ADDRESS=(PROTOCOL=beq)))'))(CONNECT_DATA=(SID=BCTCHAN)(CID=(PROGRAM=C:\Program Files\Microsoft Visual Studio\VB98\vb6.exe)(HOST=NAMHL)(USER=hlnam))))

  VERSION INFORMATION:
	TNS for 32-bit Windows: Version 10.2.0.1.0 - Production
	Oracle Bequeath NT Protocol Adapter for 32-bit Windows: Version 10.2.0.1.0 - Production
  Time: 16-AUG-2008 14:10:19
  Tracing not turned on.
  Tns error struct:
    ns main err code: 12560
    TNS-12560: TNS:protocol adapter error
    ns secondary err code: 0
    nt main err code: 530
    TNS-00530: Protocol adapter error
    nt secondary err code: 2
    nt OS err code: 0


***********************************************************************
Fatal NI connect error 12560, connecting to:
 (DESCRIPTION=(ADDRESS=(PROTOCOL=BEQ)(PROGRAM=oracle)(ARGV0=oracleBCTCHAN)(ARGS='(DESCRIPTION=(LOCAL=YES)(ADDRESS=(PROTOCOL=beq)))'))(CONNECT_DATA=(SID=BCTCHAN)(CID=(PROGRAM=C:\Program Files\Microsoft Visual Studio\VB98\vb6.exe)(HOST=NAMHL)(USER=hlnam))))

  VERSION INFORMATION:
	TNS for 32-bit Windows: Version 10.2.0.1.0 - Production
	Oracle Bequeath NT Protocol Adapter for 32-bit Windows: Version 10.2.0.1.0 - Production
  Time: 16-AUG-2008 14:10:47
  Tracing not turned on.
  Tns error struct:
    ns main err code: 12560
    TNS-12560: TNS:protocol adapter error
    ns secondary err code: 0
    nt main err code: 530
    TNS-00530: Protocol adapter error
    nt secondary err code: 2
    nt OS err code: 0


***********************************************************************
Fatal NI connect error 12560, connecting to:
 (DESCRIPTION=(ADDRESS=(PROTOCOL=BEQ)(PROGRAM=oracle)(ARGV0=oracleBCTCHAN)(ARGS='(DESCRIPTION=(LOCAL=YES)(ADDRESS=(PROTOCOL=beq)))'))(CONNECT_DATA=(SID=BCTCHAN)(CID=(PROGRAM=C:\Program Files\Microsoft Visual Studio\VB98\vb6.exe)(HOST=NAMHL)(USER=hlnam))))

  VERSION INFORMATION:
	TNS for 32-bit Windows: Version 10.2.0.1.0 - Production
	Oracle Bequeath NT Protocol Adapter for 32-bit Windows: Version 10.2.0.1.0 - Production
  Time: 16-AUG-2008 14:11:07
  Tracing not turned on.
  Tns error struct:
    ns main err code: 12560
    TNS-12560: TNS:protocol adapter error
    ns secondary err code: 0
    nt main err code: 530
    TNS-00530: Protocol adapter error
    nt secondary err code: 2
    nt OS err code: 0


***********************************************************************
Fatal NI connect error 12560, connecting to:
 (DESCRIPTION=(ADDRESS=(PROTOCOL=BEQ)(PROGRAM=oracle)(ARGV0=oracleBCTCHAN)(ARGS='(DESCRIPTION=(LOCAL=YES)(ADDRESS=(PROTOCOL=beq)))'))(CONNECT_DATA=(SID=BCTCHAN)(CID=(PROGRAM=C:\Program Files\Microsoft Visual Studio\VB98\vb6.exe)(HOST=NAMHL)(USER=hlnam))))

  VERSION INFORMATION:
	TNS for 32-bit Windows: Version 10.2.0.1.0 - Production
	Oracle Bequeath NT Protocol Adapter for 32-bit Windows: Version 10.2.0.1.0 - Production
  Time: 16-AUG-2008 14:13:51
  Tracing not turned on.
  Tns error struct:
    ns main err code: 12560
    TNS-12560: TNS:protocol adapter error
    ns secondary err code: 0
    nt main err code: 530
    TNS-00530: Protocol adapter error
    nt secondary err code: 2
    nt OS err code: 0


***********************************************************************
Fatal NI connect error 12560, connecting to:
 (DESCRIPTION=(ADDRESS=(PROTOCOL=BEQ)(PROGRAM=oracle)(ARGV0=oracleBCTCHAN)(ARGS='(DESCRIPTION=(LOCAL=YES)(ADDRESS=(PROTOCOL=beq)))'))(CONNECT_DATA=(SID=BCTCHAN)(CID=(PROGRAM=C:\Program Files\Microsoft Visual Studio\VB98\vb6.exe)(HOST=NAMHL)(USER=hlnam))))

  VERSION INFORMATION:
	TNS for 32-bit Windows: Version 10.2.0.1.0 - Production
	Oracle Bequeath NT Protocol Adapter for 32-bit Windows: Version 10.2.0.1.0 - Production
  Time: 16-AUG-2008 14:14:28
  Tracing not turned on.
  Tns error struct:
    ns main err code: 12560
    TNS-12560: TNS:protocol adapter error
    ns secondary err code: 0
    nt main err code: 530
    TNS-00530: Protocol adapter error
    nt secondary err code: 2
    nt OS err code: 0


***********************************************************************
Fatal NI connect error 12560, connecting to:
 (DESCRIPTION=(ADDRESS=(PROTOCOL=BEQ)(PROGRAM=oracle)(ARGV0=oracleBCTCHAN)(ARGS='(DESCRIPTION=(LOCAL=YES)(ADDRESS=(PROTOCOL=beq)))'))(CONNECT_DATA=(SID=BCTCHAN)(CID=(PROGRAM=C:\Program Files\Microsoft Visual Studio\VB98\vb6.exe)(HOST=NAMHL)(USER=hlnam))))

  VERSION INFORMATION:
	TNS for 32-bit Windows: Version 10.2.0.1.0 - Production
	Oracle Bequeath NT Protocol Adapter for 32-bit Windows: Version 10.2.0.1.0 - Production
  Time: 16-AUG-2008 14:22:17
  Tracing not turned on.
  Tns error struct:
    ns main err code: 12560
    TNS-12560: TNS:protocol adapter error
    ns secondary err code: 0
    nt main err code: 530
    TNS-00530: Protocol adapter error
    nt secondary err code: 2
    nt OS err code: 0


***********************************************************************
Fatal NI connect error 12560, connecting to:
 (DESCRIPTION=(ADDRESS=(PROTOCOL=BEQ)(PROGRAM=oracle)(ARGV0=oracleBCTCHAN)(ARGS='(DESCRIPTION=(LOCAL=YES)(ADDRESS=(PROTOCOL=beq)))'))(CONNECT_DATA=(SID=BCTCHAN)(CID=(PROGRAM=C:\Program Files\Microsoft Visual Studio\VB98\vb6.exe)(HOST=NAMHL)(USER=hlnam))))

  VERSION INFORMATION:
	TNS for 32-bit Windows: Version 10.2.0.1.0 - Production
	Oracle Bequeath NT Protocol Adapter for 32-bit Windows: Version 10.2.0.1.0 - Production
  Time: 16-AUG-2008 14:22:51
  Tracing not turned on.
  Tns error struct:
    ns main err code: 12560
    TNS-12560: TNS:protocol adapter error
    ns secondary err code: 0
    nt main err code: 530
    TNS-00530: Protocol adapter error
    nt secondary err code: 2
    nt OS err code: 0


***********************************************************************
Fatal NI connect error 12560, connecting to:
 (DESCRIPTION=(ADDRESS=(PROTOCOL=BEQ)(PROGRAM=oracle)(ARGV0=oracleBCTCHAN)(ARGS='(DESCRIPTION=(LOCAL=YES)(ADDRESS=(PROTOCOL=beq)))'))(CONNECT_DATA=(SID=BCTCHAN)(CID=(PROGRAM=C:\Program Files\Microsoft Visual Studio\VB98\vb6.exe)(HOST=NAMHL)(USER=hlnam))))

  VERSION INFORMATION:
	TNS for 32-bit Windows: Version 10.2.0.1.0 - Production
	Oracle Bequeath NT Protocol Adapter for 32-bit Windows: Version 10.2.0.1.0 - Production
	Windows NT TCP/IP NT Protocol Adapter for 32-bit Windows: Version 10.2.0.1.0 - Production
  Time: 16-AUG-2008 14:23:01
  Tracing not turned on.
  Tns error struct:
    ns main err code: 12560
    TNS-12560: TNS:protocol adapter error
    ns secondary err code: 0
    nt main err code: 530
    TNS-00530: Protocol adapter error
    nt secondary err code: 2
    nt OS err code: 0


***********************************************************************
Fatal NI connect error 12560, connecting to:
 (DESCRIPTION=(ADDRESS=(PROTOCOL=BEQ)(PROGRAM=oracle)(ARGV0=oracleBCTCHAN)(ARGS='(DESCRIPTION=(LOCAL=YES)(ADDRESS=(PROTOCOL=beq)))'))(CONNECT_DATA=(SID=BCTCHAN)(CID=(PROGRAM=C:\Program Files\Microsoft Visual Studio\VB98\vb6.exe)(HOST=NAMHL)(USER=hlnam))))

  VERSION INFORMATION:
	TNS for 32-bit Windows: Version 10.2.0.1.0 - Production
	Oracle Bequeath NT Protocol Adapter for 32-bit Windows: Version 10.2.0.1.0 - Production
  Time: 18-AUG-2008 11:16:01
  Tracing not turned on.
  Tns error struct:
    ns main err code: 12560
    TNS-12560: TNS:protocol adapter error
    ns secondary err code: 0
    nt main err code: 530
    TNS-00530: Protocol adapter error
    nt secondary err code: 2
    nt OS err code: 0


***********************************************************************
Fatal NI connect error 12560, connecting to:
 (DESCRIPTION=(ADDRESS=(PROTOCOL=BEQ)(PROGRAM=oracle)(ARGV0=oracleBCTCHAN)(ARGS='(DESCRIPTION=(LOCAL=YES)(ADDRESS=(PROTOCOL=beq)))'))(CONNECT_DATA=(SID=BCTCHAN)(CID=(PROGRAM=C:\Program Files\Microsoft Visual Studio\VB98\vb6.exe)(HOST=NAMHL)(USER=hlnam))))

  VERSION INFORMATION:
	TNS for 32-bit Windows: Version 10.2.0.1.0 - Production
	Oracle Bequeath NT Protocol Adapter for 32-bit Windows: Version 10.2.0.1.0 - Production
  Time: 10-SEP-2008 09:49:51
  Tracing not turned on.
  Tns error struct:
    ns main err code: 12560
    TNS-12560: TNS:protocol adapter error
    ns secondary err code: 0
    nt main err code: 530
    TNS-00530: Protocol adapter error
    nt secondary err code: 2
    nt OS err code: 0


***********************************************************************
Fatal NI connect error 12560, connecting to:
 (DESCRIPTION=(ADDRESS=(PROTOCOL=BEQ)(PROGRAM=oracle)(ARGV0=oracleBCTCHAN)(ARGS='(DESCRIPTION=(LOCAL=YES)(ADDRESS=(PROTOCOL=beq)))'))(CONNECT_DATA=(SID=BCTCHAN)(CID=(PROGRAM=C:\Program Files\Microsoft Visual Studio\VB98\vb6.exe)(HOST=NAMHL)(USER=hlnam))))

  VERSION INFORMATION:
	TNS for 32-bit Windows: Version 10.2.0.1.0 - Production
	Oracle Bequeath NT Protocol Adapter for 32-bit Windows: Version 10.2.0.1.0 - Production
  Time: 10-SEP-2008 09:50:16
  Tracing not turned on.
  Tns error struct:
    ns main err code: 12560
    TNS-12560: TNS:protocol adapter error
    ns secondary err code: 0
    nt main err code: 530
    TNS-00530: Protocol adapter error
    nt secondary err code: 2
    nt OS err code: 0


***********************************************************************
Fatal NI connect error 12560, connecting to:
 (DESCRIPTION=(ADDRESS=(PROTOCOL=BEQ)(PROGRAM=oracle)(ARGV0=oracleBCTCHAN)(ARGS='(DESCRIPTION=(LOCAL=YES)(ADDRESS=(PROTOCOL=beq)))'))(CONNECT_DATA=(SID=BCTCHAN)(CID=(PROGRAM=C:\Program Files\Microsoft Visual Studio\VB98\vb6.exe)(HOST=NAMHL)(USER=hlnam))))

  VERSION INFORMATION:
	TNS for 32-bit Windows: Version 10.2.0.1.0 - Production
	Oracle Bequeath NT Protocol Adapter for 32-bit Windows: Version 10.2.0.1.0 - Production
  Time: 10-SEP-2008 09:50:47
  Tracing not turned on.
  Tns error struct:
    ns main err code: 12560
    TNS-12560: TNS:protocol adapter error
    ns secondary err code: 0
    nt main err code: 530
    TNS-00530: Protocol adapter error
    nt secondary err code: 2
    nt OS err code: 0


***********************************************************************
Fatal NI connect error 12560, connecting to:
 (DESCRIPTION=(ADDRESS=(PROTOCOL=BEQ)(PROGRAM=oracle)(ARGV0=oracleBCTCHAN)(ARGS='(DESCRIPTION=(LOCAL=YES)(ADDRESS=(PROTOCOL=beq)))'))(CONNECT_DATA=(SID=BCTCHAN)(CID=(PROGRAM=C:\Program Files\Microsoft Visual Studio\VB98\vb6.exe)(HOST=NAMHL)(USER=hlnam))))

  VERSION INFORMATION:
	TNS for 32-bit Windows: Version 10.2.0.1.0 - Production
	Oracle Bequeath NT Protocol Adapter for 32-bit Windows: Version 10.2.0.1.0 - Production
  Time: 12-NOV-2008 16:59:15
  Tracing not turned on.
  Tns error struct:
    ns main err code: 12560
    TNS-12560: TNS:protocol adapter error
    ns secondary err code: 0
    nt main err code: 530
    TNS-00530: Protocol adapter error
    nt secondary err code: 2
    nt OS err code: 0


***********************************************************************
Fatal NI connect error 12560, connecting to:
 (DESCRIPTION=(ADDRESS=(PROTOCOL=BEQ)(PROGRAM=oracle)(ARGV0=oracleBCTCHAN)(ARGS='(DESCRIPTION=(LOCAL=YES)(ADDRESS=(PROTOCOL=beq)))'))(CONNECT_DATA=(SID=BCTCHAN)(CID=(PROGRAM=C:\Program Files\Microsoft Visual Studio\VB98\vb6.exe)(HOST=NAMHL)(USER=hlnam))))

  VERSION INFORMATION:
	TNS for 32-bit Windows: Version 10.2.0.1.0 - Production
	Oracle Bequeath NT Protocol Adapter for 32-bit Windows: Version 10.2.0.1.0 - Production
  Time: 12-NOV-2008 16:59:18
  Tracing not turned on.
  Tns error struct:
    ns main err code: 12560
    TNS-12560: TNS:protocol adapter error
    ns secondary err code: 0
    nt main err code: 530
    TNS-00530: Protocol adapter error
    nt secondary err code: 2
    nt OS err code: 0


***********************************************************************
Fatal NI connect error 12560, connecting to:
 (DESCRIPTION=(ADDRESS=(PROTOCOL=BEQ)(PROGRAM=oracle)(ARGV0=oracleBCTCHAN)(ARGS='(DESCRIPTION=(LOCAL=YES)(ADDRESS=(PROTOCOL=beq)))'))(CONNECT_DATA=(SID=BCTCHAN)(CID=(PROGRAM=C:\Program Files\Microsoft Visual Studio\VB98\vb6.exe)(HOST=NAMHL)(USER=hlnam))))

  VERSION INFORMATION:
	TNS for 32-bit Windows: Version 10.2.0.1.0 - Production
	Oracle Bequeath NT Protocol Adapter for 32-bit Windows: Version 10.2.0.1.0 - Production
  Time: 24-NOV-2008 15:59:58
  Tracing not turned on.
  Tns error struct:
    ns main err code: 12560
    TNS-12560: TNS:protocol adapter error
    ns secondary err code: 0
    nt main err code: 530
    TNS-00530: Protocol adapter error
    nt secondary err code: 2
    nt OS err code: 0


***********************************************************************
Fatal NI connect error 12560, connecting to:
 (DESCRIPTION=(ADDRESS=(PROTOCOL=BEQ)(PROGRAM=oracle)(ARGV0=oracleBCTCHAN)(ARGS='(DESCRIPTION=(LOCAL=YES)(ADDRESS=(PROTOCOL=beq)))'))(CONNECT_DATA=(SID=BCTCHAN)(CID=(PROGRAM=C:\Program Files\Microsoft Visual Studio\VB98\vb6.exe)(HOST=NAMHL)(USER=hlnam))))

  VERSION INFORMATION:
	TNS for 32-bit Windows: Version 10.2.0.1.0 - Production
	Oracle Bequeath NT Protocol Adapter for 32-bit Windows: Version 10.2.0.1.0 - Production
  Time: 24-NOV-2008 16:00:02
  Tracing not turned on.
  Tns error struct:
    ns main err code: 12560
    TNS-12560: TNS:protocol adapter error
    ns secondary err code: 0
    nt main err code: 530
    TNS-00530: Protocol adapter error
    nt secondary err code: 2
    nt OS err code: 0


***********************************************************************
Fatal NI connect error 12560, connecting to:
 (DESCRIPTION=(ADDRESS=(PROTOCOL=BEQ)(PROGRAM=oracle)(ARGV0=oracleBCTCHAN)(ARGS='(DESCRIPTION=(LOCAL=YES)(ADDRESS=(PROTOCOL=beq)))'))(CONNECT_DATA=(SID=BCTCHAN)(CID=(PROGRAM=C:\Program Files\Microsoft Visual Studio\VB98\vb6.exe)(HOST=NAMHL)(USER=hlnam))))

  VERSION INFORMATION:
	TNS for 32-bit Windows: Version 10.2.0.1.0 - Production
	Oracle Bequeath NT Protocol Adapter for 32-bit Windows: Version 10.2.0.1.0 - Production
  Time: 24-NOV-2008 16:00:16
  Tracing not turned on.
  Tns error struct:
    ns main err code: 12560
    TNS-12560: TNS:protocol adapter error
    ns secondary err code: 0
    nt main err code: 530
    TNS-00530: Protocol adapter error
    nt secondary err code: 2
    nt OS err code: 0


***********************************************************************
Fatal NI connect error 12560, connecting to:
 (DESCRIPTION=(ADDRESS=(PROTOCOL=BEQ)(PROGRAM=oracle)(ARGV0=oracleBCTCHAN)(ARGS='(DESCRIPTION=(LOCAL=YES)(ADDRESS=(PROTOCOL=beq)))'))(CONNECT_DATA=(SID=BCTCHAN)(CID=(PROGRAM=C:\Program Files\Microsoft Visual Studio\VB98\vb6.exe)(HOST=NAMHL)(USER=hlnam))))

  VERSION INFORMATION:
	TNS for 32-bit Windows: Version 10.2.0.1.0 - Production
	Oracle Bequeath NT Protocol Adapter for 32-bit Windows: Version 10.2.0.1.0 - Production
  Time: 24-NOV-2008 16:00:25
  Tracing not turned on.
  Tns error struct:
    ns main err code: 12560
    TNS-12560: TNS:protocol adapter error
    ns secondary err code: 0
    nt main err code: 530
    TNS-00530: Protocol adapter error
    nt secondary err code: 2
    nt OS err code: 0


***********************************************************************
Fatal NI connect error 12537, connecting to:
 (DESCRIPTION=(ADDRESS=(PROTOCOL=TCP)(HOST=192.168.60.129)(PORT=1521))(CONNECT_DATA=(SID=BMT)(CID=(PROGRAM=C:\Program Files\Microsoft Visual Studio\VB98\vb6.exe)(HOST=NAMHL)(USER=hlnam))))

  VERSION INFORMATION:
	TNS for 32-bit Windows: Version 10.2.0.1.0 - Production
	Windows NT TCP/IP NT Protocol Adapter for 32-bit Windows: Version 10.2.0.1.0 - Production
  Time: 06-JAN-2009 09:23:24
  Tracing not turned on.
  Tns error struct:
    ns main err code: 12537
    TNS-12537: TNS:connection closed
    ns secondary err code: 12560
    nt main err code: 507
    TNS-00507: Connection closed
    nt secondary err code: 0
    nt OS err code: 0


***********************************************************************
Fatal NI connect error 12560, connecting to:
 (DESCRIPTION=(ADDRESS=(PROTOCOL=BEQ)(PROGRAM=oracle)(ARGV0=oracleBCTCHAN)(ARGS='(DESCRIPTION=(LOCAL=YES)(ADDRESS=(PROTOCOL=beq)))'))(CONNECT_DATA=(SID=BCTCHAN)(CID=(PROGRAM=C:\Program Files\Microsoft Visual Studio\VB98\vb6.exe)(HOST=NAMHL)(USER=hlnam))))

  VERSION INFORMATION:
	TNS for 32-bit Windows: Version 10.2.0.1.0 - Production
	Oracle Bequeath NT Protocol Adapter for 32-bit Windows: Version 10.2.0.1.0 - Production
  Time: 06-JAN-2009 09:23:24
  Tracing not turned on.
  Tns error struct:
    ns main err code: 12560
    TNS-12560: TNS:protocol adapter error
    ns secondary err code: 0
    nt main err code: 530
    TNS-00530: Protocol adapter error
    nt secondary err code: 2
    nt OS err code: 0


***********************************************************************
Fatal NI connect error 12537, connecting to:
 (DESCRIPTION=(ADDRESS=(PROTOCOL=TCP)(HOST=192.168.60.129)(PORT=1521))(CONNECT_DATA=(SID=BMT)(CID=(PROGRAM=C:\Program Files\Microsoft Visual Studio\VB98\vb6.exe)(HOST=NAMHL)(USER=hlnam))))

  VERSION INFORMATION:
	TNS for 32-bit Windows: Version 10.2.0.1.0 - Production
	Windows NT TCP/IP NT Protocol Adapter for 32-bit Windows: Version 10.2.0.1.0 - Production
  Time: 06-JAN-2009 09:23:57
  Tracing not turned on.
  Tns error struct:
    ns main err code: 12537
    TNS-12537: TNS:connection closed
    ns secondary err code: 12560
    nt main err code: 507
    TNS-00507: Connection closed
    nt secondary err code: 0
    nt OS err code: 0


***********************************************************************
Fatal NI connect error 12560, connecting to:
 (DESCRIPTION=(ADDRESS=(PROTOCOL=BEQ)(PROGRAM=oracle)(ARGV0=oracleBCTCHAN)(ARGS='(DESCRIPTION=(LOCAL=YES)(ADDRESS=(PROTOCOL=beq)))'))(CONNECT_DATA=(SID=BCTCHAN)(CID=(PROGRAM=C:\Program Files\Microsoft Visual Studio\VB98\vb6.exe)(HOST=NAMHL)(USER=hlnam))))

  VERSION INFORMATION:
	TNS for 32-bit Windows: Version 10.2.0.1.0 - Production
	Oracle Bequeath NT Protocol Adapter for 32-bit Windows: Version 10.2.0.1.0 - Production
  Time: 06-JAN-2009 09:23:57
  Tracing not turned on.
  Tns error struct:
    ns main err code: 12560
    TNS-12560: TNS:protocol adapter error
    ns secondary err code: 0
    nt main err code: 530
    TNS-00530: Protocol adapter error
    nt secondary err code: 2
    nt OS err code: 0


***********************************************************************
Fatal NI connect error 12537, connecting to:
 (DESCRIPTION=(ADDRESS=(PROTOCOL=TCP)(HOST=192.168.60.129)(PORT=1521))(CONNECT_DATA=(SID=BMT)(CID=(PROGRAM=C:\Program Files\Microsoft Visual Studio\VB98\vb6.exe)(HOST=NAMHL)(USER=hlnam))))

  VERSION INFORMATION:
	TNS for 32-bit Windows: Version 10.2.0.1.0 - Production
	Windows NT TCP/IP NT Protocol Adapter for 32-bit Windows: Version 10.2.0.1.0 - Production
  Time: 06-JAN-2009 09:24:31
  Tracing not turned on.
  Tns error struct:
    ns main err code: 12537
    TNS-12537: TNS:connection closed
    ns secondary err code: 12560
    nt main err code: 507
    TNS-00507: Connection closed
    nt secondary err code: 0
    nt OS err code: 0


***********************************************************************
Fatal NI connect error 12560, connecting to:
 (DESCRIPTION=(ADDRESS=(PROTOCOL=BEQ)(PROGRAM=oracle)(ARGV0=oracleBCTCHAN)(ARGS='(DESCRIPTION=(LOCAL=YES)(ADDRESS=(PROTOCOL=beq)))'))(CONNECT_DATA=(SID=BCTCHAN)(CID=(PROGRAM=C:\Program Files\Microsoft Visual Studio\VB98\vb6.exe)(HOST=NAMHL)(USER=hlnam))))

  VERSION INFORMATION:
	TNS for 32-bit Windows: Version 10.2.0.1.0 - Production
	Oracle Bequeath NT Protocol Adapter for 32-bit Windows: Version 10.2.0.1.0 - Production
  Time: 06-JAN-2009 09:24:31
  Tracing not turned on.
  Tns error struct:
    ns main err code: 12560
    TNS-12560: TNS:protocol adapter error
    ns secondary err code: 0
    nt main err code: 530
    TNS-00530: Protocol adapter error
    nt secondary err code: 2
    nt OS err code: 0


***********************************************************************
Fatal NI connect error 12537, connecting to:
 (DESCRIPTION=(ADDRESS=(PROTOCOL=TCP)(HOST=192.168.60.129)(PORT=1521))(CONNECT_DATA=(SID=BMT)(CID=(PROGRAM=C:\Program Files\Microsoft Visual Studio\VB98\vb6.exe)(HOST=NAMHL)(USER=hlnam))))

  VERSION INFORMATION:
	TNS for 32-bit Windows: Version 10.2.0.1.0 - Production
	Windows NT TCP/IP NT Protocol Adapter for 32-bit Windows: Version 10.2.0.1.0 - Production
  Time: 06-JAN-2009 09:26:02
  Tracing not turned on.
  Tns error struct:
    ns main err code: 12537
    TNS-12537: TNS:connection closed
    ns secondary err code: 12560
    nt main err code: 507
    TNS-00507: Connection closed
    nt secondary err code: 0
    nt OS err code: 0


***********************************************************************
Fatal NI connect error 12560, connecting to:
 (DESCRIPTION=(ADDRESS=(PROTOCOL=BEQ)(PROGRAM=oracle)(ARGV0=oracleBCTCHAN)(ARGS='(DESCRIPTION=(LOCAL=YES)(ADDRESS=(PROTOCOL=beq)))'))(CONNECT_DATA=(SID=BCTCHAN)(CID=(PROGRAM=C:\Program Files\Microsoft Visual Studio\VB98\vb6.exe)(HOST=NAMHL)(USER=hlnam))))

  VERSION INFORMATION:
	TNS for 32-bit Windows: Version 10.2.0.1.0 - Production
	Oracle Bequeath NT Protocol Adapter for 32-bit Windows: Version 10.2.0.1.0 - Production
  Time: 06-JAN-2009 09:26:02
  Tracing not turned on.
  Tns error struct:
    ns main err code: 12560
    TNS-12560: TNS:protocol adapter error
    ns secondary err code: 0
    nt main err code: 530
    TNS-00530: Protocol adapter error
    nt secondary err code: 2
    nt OS err code: 0


***********************************************************************
Fatal NI connect error 12537, connecting to:
 (DESCRIPTION=(ADDRESS=(PROTOCOL=TCP)(HOST=192.168.60.38)(PORT=1528))(CONNECT_DATA=(SID=BMT)(CID=(PROGRAM=C:\Program Files\Microsoft Visual Studio\VB98\vb6.exe)(HOST=NAMHL)(USER=hlnam))))

  VERSION INFORMATION:
	TNS for 32-bit Windows: Version 10.2.0.1.0 - Production
	Windows NT TCP/IP NT Protocol Adapter for 32-bit Windows: Version 10.2.0.1.0 - Production
  Time: 20-JAN-2009 15:58:27
  Tracing not turned on.
  Tns error struct:
    ns main err code: 12537
    TNS-12537: TNS:connection closed
    ns secondary err code: 12560
    nt main err code: 507
    TNS-00507: Connection closed
    nt secondary err code: 0
    nt OS err code: 0


***********************************************************************
Fatal NI connect error 12560, connecting to:
 (DESCRIPTION=(ADDRESS=(PROTOCOL=BEQ)(PROGRAM=oracle)(ARGV0=oracleBCTCHAN)(ARGS='(DESCRIPTION=(LOCAL=YES)(ADDRESS=(PROTOCOL=beq)))'))(CONNECT_DATA=(SID=BCTCHAN)(CID=(PROGRAM=C:\Program Files\Microsoft Visual Studio\VB98\vb6.exe)(HOST=NAMHL)(USER=hlnam))))

  VERSION INFORMATION:
	TNS for 32-bit Windows: Version 10.2.0.1.0 - Production
	Oracle Bequeath NT Protocol Adapter for 32-bit Windows: Version 10.2.0.1.0 - Production
  Time: 20-JAN-2009 15:58:28
  Tracing not turned on.
  Tns error struct:
    ns main err code: 12560
    TNS-12560: TNS:protocol adapter error
    ns secondary err code: 0
    nt main err code: 530
    TNS-00530: Protocol adapter error
    nt secondary err code: 2
    nt OS err code: 0


***********************************************************************
Fatal NI connect error 12537, connecting to:
 (DESCRIPTION=(ADDRESS=(PROTOCOL=TCP)(HOST=192.168.60.38)(PORT=1528))(CONNECT_DATA=(SID=BMT)(CID=(PROGRAM=C:\Program Files\Microsoft Visual Studio\VB98\vb6.exe)(HOST=NAMHL)(USER=hlnam))))

  VERSION INFORMATION:
	TNS for 32-bit Windows: Version 10.2.0.1.0 - Production
	Windows NT TCP/IP NT Protocol Adapter for 32-bit Windows: Version 10.2.0.1.0 - Production
  Time: 20-JAN-2009 15:58:34
  Tracing not turned on.
  Tns error struct:
    ns main err code: 12537
    TNS-12537: TNS:connection closed
    ns secondary err code: 12560
    nt main err code: 507
    TNS-00507: Connection closed
    nt secondary err code: 0
    nt OS err code: 0


***********************************************************************
Fatal NI connect error 12560, connecting to:
 (DESCRIPTION=(ADDRESS=(PROTOCOL=BEQ)(PROGRAM=oracle)(ARGV0=oracleBCTCHAN)(ARGS='(DESCRIPTION=(LOCAL=YES)(ADDRESS=(PROTOCOL=beq)))'))(CONNECT_DATA=(SID=BCTCHAN)(CID=(PROGRAM=C:\Program Files\Microsoft Visual Studio\VB98\vb6.exe)(HOST=NAMHL)(USER=hlnam))))

  VERSION INFORMATION:
	TNS for 32-bit Windows: Version 10.2.0.1.0 - Production
	Oracle Bequeath NT Protocol Adapter for 32-bit Windows: Version 10.2.0.1.0 - Production
  Time: 20-JAN-2009 15:58:34
  Tracing not turned on.
  Tns error struct:
    ns main err code: 12560
    TNS-12560: TNS:protocol adapter error
    ns secondary err code: 0
    nt main err code: 530
    TNS-00530: Protocol adapter error
    nt secondary err code: 2
    nt OS err code: 0


***********************************************************************
Fatal NI connect error 12537, connecting to:
 (DESCRIPTION=(ADDRESS=(PROTOCOL=TCP)(HOST=192.168.60.38)(PORT=1528))(CONNECT_DATA=(SID=BMT)(CID=(PROGRAM=C:\Program Files\Microsoft Visual Studio\VB98\vb6.exe)(HOST=NAMHL)(USER=hlnam))))

  VERSION INFORMATION:
	TNS for 32-bit Windows: Version 10.2.0.1.0 - Production
	Windows NT TCP/IP NT Protocol Adapter for 32-bit Windows: Version 10.2.0.1.0 - Production
  Time: 20-JAN-2009 16:01:04
  Tracing not turned on.
  Tns error struct:
    ns main err code: 12537
    TNS-12537: TNS:connection closed
    ns secondary err code: 12560
    nt main err code: 507
    TNS-00507: Connection closed
    nt secondary err code: 0
    nt OS err code: 0


***********************************************************************
Fatal NI connect error 12560, connecting to:
 (DESCRIPTION=(ADDRESS=(PROTOCOL=BEQ)(PROGRAM=oracle)(ARGV0=oracleBCTCHAN)(ARGS='(DESCRIPTION=(LOCAL=YES)(ADDRESS=(PROTOCOL=beq)))'))(CONNECT_DATA=(SID=BCTCHAN)(CID=(PROGRAM=C:\Program Files\Microsoft Visual Studio\VB98\vb6.exe)(HOST=NAMHL)(USER=hlnam))))

  VERSION INFORMATION:
	TNS for 32-bit Windows: Version 10.2.0.1.0 - Production
	Oracle Bequeath NT Protocol Adapter for 32-bit Windows: Version 10.2.0.1.0 - Production
  Time: 20-JAN-2009 16:01:04
  Tracing not turned on.
  Tns error struct:
    ns main err code: 12560
    TNS-12560: TNS:protocol adapter error
    ns secondary err code: 0
    nt main err code: 530
    TNS-00530: Protocol adapter error
    nt secondary err code: 2
    nt OS err code: 0


***********************************************************************
Fatal NI connect error 12537, connecting to:
 (DESCRIPTION=(ADDRESS=(PROTOCOL=TCP)(HOST=192.168.60.38)(PORT=1528))(CONNECT_DATA=(SID=BMT)(CID=(PROGRAM=C:\Program Files\Microsoft Visual Studio\VB98\vb6.exe)(HOST=NAMHL)(USER=hlnam))))

  VERSION INFORMATION:
	TNS for 32-bit Windows: Version 10.2.0.1.0 - Production
	Windows NT TCP/IP NT Protocol Adapter for 32-bit Windows: Version 10.2.0.1.0 - Production
  Time: 20-JAN-2009 16:01:17
  Tracing not turned on.
  Tns error struct:
    ns main err code: 12537
    TNS-12537: TNS:connection closed
    ns secondary err code: 12560
    nt main err code: 507
    TNS-00507: Connection closed
    nt secondary err code: 0
    nt OS err code: 0


***********************************************************************
Fatal NI connect error 12560, connecting to:
 (DESCRIPTION=(ADDRESS=(PROTOCOL=BEQ)(PROGRAM=oracle)(ARGV0=oracleBCTCHAN)(ARGS='(DESCRIPTION=(LOCAL=YES)(ADDRESS=(PROTOCOL=beq)))'))(CONNECT_DATA=(SID=BCTCHAN)(CID=(PROGRAM=C:\Program Files\Microsoft Visual Studio\VB98\vb6.exe)(HOST=NAMHL)(USER=hlnam))))

  VERSION INFORMATION:
	TNS for 32-bit Windows: Version 10.2.0.1.0 - Production
	Oracle Bequeath NT Protocol Adapter for 32-bit Windows: Version 10.2.0.1.0 - Production
  Time: 20-JAN-2009 16:01:17
  Tracing not turned on.
  Tns error struct:
    ns main err code: 12560
    TNS-12560: TNS:protocol adapter error
    ns secondary err code: 0
    nt main err code: 530
    TNS-00530: Protocol adapter error
    nt secondary err code: 2
    nt OS err code: 0


***********************************************************************
Fatal NI connect error 12500, connecting to:
 (DESCRIPTION=(ADDRESS=(PROTOCOL=TCP)(HOST=192.168.60.38)(PORT=1521))(CONNECT_DATA=(SID=QLT)(CID=(PROGRAM=C:\Program Files\Microsoft Visual Studio\VB98\vb6.exe)(HOST=NAMHL)(USER=hlnam))))

  VERSION INFORMATION:
	TNS for 32-bit Windows: Version 10.2.0.1.0 - Production
	Windows NT TCP/IP NT Protocol Adapter for 32-bit Windows: Version 10.2.0.1.0 - Production
  Time: 27-AUG-2009 10:36:49
  Tracing not turned on.
  Tns error struct:
    ns main err code: 12564
    TNS-12564: TNS:connection refused
    ns secondary err code: 0
    nt main err code: 0
    nt secondary err code: 0
    nt OS err code: 0


***********************************************************************
Fatal NI connect error 12560, connecting to:
 (DESCRIPTION=(ADDRESS=(PROTOCOL=BEQ)(PROGRAM=oracle)(ARGV0=oracleBCTCHAN)(ARGS='(DESCRIPTION=(LOCAL=YES)(ADDRESS=(PROTOCOL=beq)))'))(CONNECT_DATA=(SID=BCTCHAN)(CID=(PROGRAM=C:\Program Files\Microsoft Visual Studio\VB98\vb6.exe)(HOST=NAMHL)(USER=hlnam))))

  VERSION INFORMATION:
	TNS for 32-bit Windows: Version 10.2.0.1.0 - Production
	Oracle Bequeath NT Protocol Adapter for 32-bit Windows: Version 10.2.0.1.0 - Production
	Windows NT TCP/IP NT Protocol Adapter for 32-bit Windows: Version 10.2.0.1.0 - Production
  Time: 27-AUG-2009 10:36:49
  Tracing not turned on.
  Tns error struct:
    ns main err code: 12560
    TNS-12560: TNS:protocol adapter error
    ns secondary err code: 0
    nt main err code: 530
    TNS-00530: Protocol adapter error
    nt secondary err code: 2
    nt OS err code: 0


***********************************************************************
Fatal NI connect error 12541, connecting to:
 (DESCRIPTION=(ADDRESS=(PROTOCOL=TCP)(HOST=192.168.60.38)(PORT=1521))(CONNECT_DATA=(SID=BMT)(CID=(PROGRAM=C:\Program Files\Microsoft Visual Studio\VB98\vb6.exe)(HOST=NAMHL)(USER=Administrator))))

  VERSION INFORMATION:
	TNS for 32-bit Windows: Version 10.2.0.1.0 - Production
	Windows NT TCP/IP NT Protocol Adapter for 32-bit Windows: Version 10.2.0.1.0 - Production
  Time: 29-SEP-2009 10:02:40
  Tracing not turned on.
  Tns error struct:
    ns main err code: 12541
    TNS-12541: TNS:no listener
    ns secondary err code: 12560
    nt main err code: 511
    TNS-00511: No listener
    nt secondary err code: 61
    nt OS err code: 0


***********************************************************************
Fatal NI connect error 12560, connecting to:
 (DESCRIPTION=(ADDRESS=(PROTOCOL=BEQ)(PROGRAM=oracle)(ARGV0=oracleBCTCHAN)(ARGS='(DESCRIPTION=(LOCAL=YES)(ADDRESS=(PROTOCOL=beq)))'))(CONNECT_DATA=(SID=BCTCHAN)(CID=(PROGRAM=C:\Program Files\Microsoft Visual Studio\VB98\vb6.exe)(HOST=NAMHL)(USER=Administrator))))

  VERSION INFORMATION:
	TNS for 32-bit Windows: Version 10.2.0.1.0 - Production
	Oracle Bequeath NT Protocol Adapter for 32-bit Windows: Version 10.2.0.1.0 - Production
  Time: 29-SEP-2009 10:02:41
  Tracing not turned on.
  Tns error struct:
    ns main err code: 12560
    TNS-12560: TNS:protocol adapter error
    ns secondary err code: 0
    nt main err code: 530
    TNS-00530: Protocol adapter error
    nt secondary err code: 2
    nt OS err code: 0


***********************************************************************
Fatal NI connect error 12505, connecting to:
 (DESCRIPTION=(ADDRESS=(PROTOCOL=TCP)(HOST=10.1.79.13)(PORT=1521))(CONNECT_DATA=(SID=BMT)(CID=(PROGRAM=F:\Program Files\Microsoft Visual Studio\VB98\vb6.exe)(HOST=HTPHUONG)(USER=Administrator))))

  VERSION INFORMATION:
	TNS for 32-bit Windows: Version 8.0.6.3.0 - Production
	Windows NT TCP/IP NT Protocol Adapter for 32-bit Windows: Version 8.0.6.0.0 - Production
  Time: 01-JUN-2010 11:59:58
  Tracing not turned on.
  Tns error struct:
    nr err code: 12204
    TNS-12204: TNS:received data refused from an application
    ns main err code: 12564
    TNS-12564: TNS:connection refused
    ns secondary err code: 0
    nt main err code: 0
    nt secondary err code: 0
    nt OS err code: 0


***********************************************************************
Fatal NI connect error 12203, connecting to:
 (DESCRIPTION=(ADDRESS_LIST=(ADDRESS=(PROTOCOL=BEQ)(PROGRAM=oracle80)(ARGV0=oracle80ORCL)(ARGS='(DESCRIPTION=(LOCAL=YES)(ADDRESS=(PROTOCOL=beq)))')))(CONNECT_DATA=(SID=ORCL)(CID=(PROGRAM=F:\Program Files\Microsoft Visual Studio\VB98\vb6.exe)(HOST=HTPHUONG)(USER=Administrator))))

  VERSION INFORMATION:
	TNS for 32-bit Windows: Version 8.0.6.3.0 - Production
	Oracle Bequeath NT Protocol Adapter for 32-bit Windows: Version 8.0.6.3.0 - Production
  Time: 01-JUN-2010 11:59:58
  Tracing not turned on.
  Tns error struct:
    nr err code: 12203
    TNS-12203: TNS:unable to connect to destination
    ns main err code: 12560
    TNS-12560: TNS:protocol adapter error
    ns secondary err code: 0
    nt main err code: 530
    TNS-00530: Protocol adapter error
    nt secondary err code: 0
    nt OS err code: 0


***********************************************************************
Fatal NI connect error 12505, connecting to:
 (DESCRIPTION=(ADDRESS=(PROTOCOL=TCP)(HOST=10.1.79.13)(PORT=1521))(CONNECT_DATA=(SID=BMT)(CID=(PROGRAM=F:\Program Files\Microsoft Visual Studio\VB98\vb6.exe)(HOST=HTPHUONG)(USER=Administrator))))

  VERSION INFORMATION:
	TNS for 32-bit Windows: Version 8.0.6.3.0 - Production
	Windows NT TCP/IP NT Protocol Adapter for 32-bit Windows: Version 8.0.6.0.0 - Production
  Time: 01-JUN-2010 12:00:02
  Tracing not turned on.
  Tns error struct:
    nr err code: 12204
    TNS-12204: TNS:received data refused from an application
    ns main err code: 12564
    TNS-12564: TNS:connection refused
    ns secondary err code: 0
    nt main err code: 0
    nt secondary err code: 0
    nt OS err code: 0


***********************************************************************
Fatal NI connect error 12203, connecting to:
 (DESCRIPTION=(ADDRESS_LIST=(ADDRESS=(PROTOCOL=BEQ)(PROGRAM=oracle80)(ARGV0=oracle80ORCL)(ARGS='(DESCRIPTION=(LOCAL=YES)(ADDRESS=(PROTOCOL=beq)))')))(CONNECT_DATA=(SID=ORCL)(CID=(PROGRAM=F:\Program Files\Microsoft Visual Studio\VB98\vb6.exe)(HOST=HTPHUONG)(USER=Administrator))))

  VERSION INFORMATION:
	TNS for 32-bit Windows: Version 8.0.6.3.0 - Production
	Oracle Bequeath NT Protocol Adapter for 32-bit Windows: Version 8.0.6.3.0 - Production
  Time: 01-JUN-2010 12:00:02
  Tracing not turned on.
  Tns error struct:
    nr err code: 12203
    TNS-12203: TNS:unable to connect to destination
    ns main err code: 12560
    TNS-12560: TNS:protocol adapter error
    ns secondary err code: 0
    nt main err code: 530
    TNS-00530: Protocol adapter error
    nt secondary err code: 0
    nt OS err code: 0


***********************************************************************
Fatal NI connect error 12203, connecting to:
 (DESCRIPTION=(ADDRESS_LIST=(ADDRESS=(PROTOCOL=BEQ)(PROGRAM=oracle80)(ARGV0=oracle80ORCL)(ARGS='(DESCRIPTION=(LOCAL=YES)(ADDRESS=(PROTOCOL=beq)))')))(CONNECT_DATA=(SID=ORCL)(CID=(PROGRAM=F:\Program Files\Microsoft Visual Studio\VB98\vb6.exe)(HOST=HTPHUONG)(USER=Administrator))))

  VERSION INFORMATION:
	TNS for 32-bit Windows: Version 8.0.6.3.0 - Production
	Oracle Bequeath NT Protocol Adapter for 32-bit Windows: Version 8.0.6.3.0 - Production
  Time: 02-JUN-2010 10:42:28
  Tracing not turned on.
  Tns error struct:
    nr err code: 12203
    TNS-12203: TNS:unable to connect to destination
    ns main err code: 12560
    TNS-12560: TNS:protocol adapter error
    ns secondary err code: 0
    nt main err code: 530
    TNS-00530: Protocol adapter error
    nt secondary err code: 0
    nt OS err code: 0


***********************************************************************
Fatal NI connect error 12541, connecting to:
 (DESCRIPTION=(ADDRESS=(PROTOCOL=TCP)(HOST=10.64.0.254)(PORT=1521))(CONNECT_DATA=(SID=BMT)(CID=(PROGRAM=C:\Program Files\Microsoft Visual Studio\VB98\vb6.exe)(HOST=CMCSOFT-F90F706)(USER=Nguyen?Van?Hai))))

  VERSION INFORMATION:
	TNS for 32-bit Windows: Version 10.1.0.4.0 - Production
	Windows NT TCP/IP NT Protocol Adapter for 32-bit Windows: Version 10.1.0.4.0 - Production
  Time: 09-JUN-2010 14:54:36
  Tracing not turned on.
  Tns error struct:
    ns main err code: 12541
    TNS-12541: TNS:no listener
    ns secondary err code: 12560
    nt main err code: 511
    TNS-00511: No listener
    nt secondary err code: 61
    nt OS err code: 0


***********************************************************************
Fatal NI connect error 12560, connecting to:
 (DESCRIPTION=(ADDRESS=(PROTOCOL=BEQ)(PROGRAM=oracle)(ARGV0=oracleORCL)(ARGS='(DESCRIPTION=(LOCAL=YES)(ADDRESS=(PROTOCOL=beq)))'))(CONNECT_DATA=(SID=ORCL)(CID=(PROGRAM=C:\Program Files\Microsoft Visual Studio\VB98\vb6.exe)(HOST=CMCSOFT-F90F706)(USER=Nguyen?Van?Hai))))

  VERSION INFORMATION:
	TNS for 32-bit Windows: Version 10.1.0.4.0 - Production
	Oracle Bequeath NT Protocol Adapter for 32-bit Windows: Version 10.1.0.4.0 - Production
  Time: 09-JUN-2010 14:54:36
  Tracing not turned on.
  Tns error struct:
    ns main err code: 12560
    TNS-12560: TNS:protocol adapter error
    ns secondary err code: 0
    nt main err code: 530
    TNS-00530: Protocol adapter error
    nt secondary err code: 126
    nt OS err code: 0


***********************************************************************
Fatal NI connect error 12500, connecting to:
 (DESCRIPTION=(ADDRESS=(PROTOCOL=TCP)(HOST=10.64.0.44)(PORT=1521))(CONNECT_DATA=(SID=BMT)(CID=(PROGRAM=C:\Program Files\Microsoft Visual Studio\VB98\vb6.exe)(HOST=CMCSOFT-F90F706)(USER=Nguyen?Van?Hai))))

  VERSION INFORMATION:
	TNS for 32-bit Windows: Version 10.1.0.4.0 - Production
	Windows NT TCP/IP NT Protocol Adapter for 32-bit Windows: Version 10.1.0.4.0 - Production
  Time: 09-JUN-2010 15:01:27
  Tracing not turned on.
  Tns error struct:
    ns main err code: 12564
    TNS-12564: TNS:connection refused
    ns secondary err code: 0
    nt main err code: 0
    nt secondary err code: 0
    nt OS err code: 0


***********************************************************************
Fatal NI connect error 12560, connecting to:
 (DESCRIPTION=(ADDRESS=(PROTOCOL=BEQ)(PROGRAM=oracle)(ARGV0=oracleORCL)(ARGS='(DESCRIPTION=(LOCAL=YES)(ADDRESS=(PROTOCOL=beq)))'))(CONNECT_DATA=(SID=ORCL)(CID=(PROGRAM=C:\Program Files\Microsoft Visual Studio\VB98\vb6.exe)(HOST=CMCSOFT-F90F706)(USER=Nguyen?Van?Hai))))

  VERSION INFORMATION:
	TNS for 32-bit Windows: Version 10.1.0.4.0 - Production
	Oracle Bequeath NT Protocol Adapter for 32-bit Windows: Version 10.1.0.4.0 - Production
  Time: 09-JUN-2010 15:01:27
  Tracing not turned on.
  Tns error struct:
    ns main err code: 12560
    TNS-12560: TNS:protocol adapter error
    ns secondary err code: 0
    nt main err code: 530
    TNS-00530: Protocol adapter error
    nt secondary err code: 126
    nt OS err code: 0


***********************************************************************
Fatal NI connect error 12500, connecting to:
 (DESCRIPTION=(ADDRESS=(PROTOCOL=TCP)(HOST=10.64.0.44)(PORT=1521))(CONNECT_DATA=(SID=BMT)(CID=(PROGRAM=C:\Program Files\Microsoft Visual Studio\VB98\vb6.exe)(HOST=CMCSOFT-F90F706)(USER=Nguyen?Van?Hai))))

  VERSION INFORMATION:
	TNS for 32-bit Windows: Version 10.1.0.4.0 - Production
	Windows NT TCP/IP NT Protocol Adapter for 32-bit Windows: Version 10.1.0.4.0 - Production
  Time: 09-JUN-2010 15:31:04
  Tracing not turned on.
  Tns error struct:
    ns main err code: 12564
    TNS-12564: TNS:connection refused
    ns secondary err code: 0
    nt main err code: 0
    nt secondary err code: 0
    nt OS err code: 0


***********************************************************************
Fatal NI connect error 12560, connecting to:
 (DESCRIPTION=(ADDRESS=(PROTOCOL=BEQ)(PROGRAM=oracle)(ARGV0=oracleORCL)(ARGS='(DESCRIPTION=(LOCAL=YES)(ADDRESS=(PROTOCOL=beq)))'))(CONNECT_DATA=(SID=ORCL)(CID=(PROGRAM=C:\Program Files\Microsoft Visual Studio\VB98\vb6.exe)(HOST=CMCSOFT-F90F706)(USER=Nguyen?Van?Hai))))

  VERSION INFORMATION:
	TNS for 32-bit Windows: Version 10.1.0.4.0 - Production
	Oracle Bequeath NT Protocol Adapter for 32-bit Windows: Version 10.1.0.4.0 - Production
  Time: 09-JUN-2010 15:31:04
  Tracing not turned on.
  Tns error struct:
    ns main err code: 12560
    TNS-12560: TNS:protocol adapter error
    ns secondary err code: 0
    nt main err code: 530
    TNS-00530: Protocol adapter error
    nt secondary err code: 126
    nt OS err code: 0


***********************************************************************
Fatal NI connect error 12203, connecting to:
 (DESCRIPTION=(ADDRESS_LIST=(ADDRESS=(PROTOCOL=TCP)(HOST=10.64.0.254)(PORT=1521)))(CONNECT_DATA=(SID=BMT)(CID=(PROGRAM=F:\Program Files\Microsoft Visual Studio\VB98\vb6.exe)(HOST=HTPHUONG)(USER=Administrator))))

  VERSION INFORMATION:
	TNS for 32-bit Windows: Version 8.0.6.3.0 - Production
	Windows NT TCP/IP NT Protocol Adapter for 32-bit Windows: Version 8.0.6.0.0 - Production
  Time: 24-JUN-2010 13:43:12
  Tracing not turned on.
  Tns error struct:
    nr err code: 12203
    TNS-12203: TNS:unable to connect to destination
    ns main err code: 12560
    TNS-12560: TNS:protocol adapter error
    ns secondary err code: 0
    nt main err code: 530
    TNS-00530: Protocol adapter error
    nt secondary err code: 55
    nt OS err code: 0


***********************************************************************
Fatal NI connect error 12203, connecting to:
 (DESCRIPTION=(ADDRESS_LIST=(ADDRESS=(PROTOCOL=BEQ)(PROGRAM=oracle80)(ARGV0=oracle80ORCL)(ARGS='(DESCRIPTION=(LOCAL=YES)(ADDRESS=(PROTOCOL=beq)))')))(CONNECT_DATA=(SID=ORCL)(CID=(PROGRAM=F:\Program Files\Microsoft Visual Studio\VB98\vb6.exe)(HOST=HTPHUONG)(USER=Administrator))))

  VERSION INFORMATION:
	TNS for 32-bit Windows: Version 8.0.6.3.0 - Production
	Oracle Bequeath NT Protocol Adapter for 32-bit Windows: Version 8.0.6.3.0 - Production
  Time: 24-JUN-2010 13:43:12
  Tracing not turned on.
  Tns error struct:
    nr err code: 12203
    TNS-12203: TNS:unable to connect to destination
    ns main err code: 12560
    TNS-12560: TNS:protocol adapter error
    ns secondary err code: 0
    nt main err code: 530
    TNS-00530: Protocol adapter error
    nt secondary err code: 0
    nt OS err code: 0


***********************************************************************
Fatal NI connect error 12203, connecting to:
 (DESCRIPTION=(ADDRESS_LIST=(ADDRESS=(PROTOCOL=TCP)(HOST=10.64.9.100)(PORT=1521)))(CONNECT_DATA=(SID=BMT)(CID=(PROGRAM=F:\Program Files\Microsoft Visual Studio\VB98\vb6.exe)(HOST=HTPHUONG)(USER=Administrator))))

  VERSION INFORMATION:
	TNS for 32-bit Windows: Version 8.0.6.3.0 - Production
	Windows NT TCP/IP NT Protocol Adapter for 32-bit Windows: Version 8.0.6.0.0 - Production
  Time: 24-JUN-2010 13:45:12
  Tracing not turned on.
  Tns error struct:
    nr err code: 12203
    TNS-12203: TNS:unable to connect to destination
    ns main err code: 12560
    TNS-12560: TNS:protocol adapter error
    ns secondary err code: 0
    nt main err code: 530
    TNS-00530: Protocol adapter error
    nt secondary err code: 55
    nt OS err code: 0


***********************************************************************
Fatal NI connect error 12203, connecting to:
 (DESCRIPTION=(ADDRESS_LIST=(ADDRESS=(PROTOCOL=BEQ)(PROGRAM=oracle80)(ARGV0=oracle80ORCL)(ARGS='(DESCRIPTION=(LOCAL=YES)(ADDRESS=(PROTOCOL=beq)))')))(CONNECT_DATA=(SID=ORCL)(CID=(PROGRAM=F:\Program Files\Microsoft Visual Studio\VB98\vb6.exe)(HOST=HTPHUONG)(USER=Administrator))))

  VERSION INFORMATION:
	TNS for 32-bit Windows: Version 8.0.6.3.0 - Production
	Oracle Bequeath NT Protocol Adapter for 32-bit Windows: Version 8.0.6.3.0 - Production
  Time: 24-JUN-2010 13:45:12
  Tracing not turned on.
  Tns error struct:
    nr err code: 12203
    TNS-12203: TNS:unable to connect to destination
    ns main err code: 12560
    TNS-12560: TNS:protocol adapter error
    ns secondary err code: 0
    nt main err code: 530
    TNS-00530: Protocol adapter error
    nt secondary err code: 0
    nt OS err code: 0


***********************************************************************
Fatal NI connect error 12203, connecting to:
 (DESCRIPTION=(ADDRESS_LIST=(ADDRESS=(PROTOCOL=TCP)(HOST=10.64.9.100)(PORT=1521)))(CONNECT_DATA=(SID=BMT)(CID=(PROGRAM=F:\Program Files\Microsoft Visual Studio\VB98\vb6.exe)(HOST=HTPHUONG)(USER=Administrator))))

  VERSION INFORMATION:
	TNS for 32-bit Windows: Version 8.0.6.3.0 - Production
	Windows NT TCP/IP NT Protocol Adapter for 32-bit Windows: Version 8.0.6.0.0 - Production
  Time: 24-JUN-2010 13:46:02
  Tracing not turned on.
  Tns error struct:
    nr err code: 12203
    TNS-12203: TNS:unable to connect to destination
    ns main err code: 12560
    TNS-12560: TNS:protocol adapter error
    ns secondary err code: 0
    nt main err code: 530
    TNS-00530: Protocol adapter error
    nt secondary err code: 55
    nt OS err code: 0


***********************************************************************
Fatal NI connect error 12203, connecting to:
 (DESCRIPTION=(ADDRESS_LIST=(ADDRESS=(PROTOCOL=BEQ)(PROGRAM=oracle80)(ARGV0=oracle80ORCL)(ARGS='(DESCRIPTION=(LOCAL=YES)(ADDRESS=(PROTOCOL=beq)))')))(CONNECT_DATA=(SID=ORCL)(CID=(PROGRAM=F:\Program Files\Microsoft Visual Studio\VB98\vb6.exe)(HOST=HTPHUONG)(USER=Administrator))))

  VERSION INFORMATION:
	TNS for 32-bit Windows: Version 8.0.6.3.0 - Production
	Oracle Bequeath NT Protocol Adapter for 32-bit Windows: Version 8.0.6.3.0 - Production
  Time: 24-JUN-2010 13:46:02
  Tracing not turned on.
  Tns error struct:
    nr err code: 12203
    TNS-12203: TNS:unable to connect to destination
    ns main err code: 12560
    TNS-12560: TNS:protocol adapter error
    ns secondary err code: 0
    nt main err code: 530
    TNS-00530: Protocol adapter error
    nt secondary err code: 0
    nt OS err code: 0


***********************************************************************
Fatal NI connect error 12203, connecting to:
 (DESCRIPTION=(ADDRESS_LIST=(ADDRESS=(PROTOCOL=TCP)(HOST=10.64.0.254)(PORT=1521)))(CONNECT_DATA=(SID=BMT)(CID=(PROGRAM=F:\Program Files\Microsoft Visual Studio\VB98\vb6.exe)(HOST=HTPHUONG)(USER=Administrator))))

  VERSION INFORMATION:
	TNS for 32-bit Windows: Version 8.0.6.3.0 - Production
	Windows NT TCP/IP NT Protocol Adapter for 32-bit Windows: Version 8.0.6.0.0 - Production
  Time: 24-JUN-2010 13:51:46
  Tracing not turned on.
  Tns error struct:
    nr err code: 12203
    TNS-12203: TNS:unable to connect to destination
    ns main err code: 12560
    TNS-12560: TNS:protocol adapter error
    ns secondary err code: 0
    nt main err code: 530
    TNS-00530: Protocol adapter error
    nt secondary err code: 55
    nt OS err code: 0


***********************************************************************
Fatal NI connect error 12203, connecting to:
 (DESCRIPTION=(ADDRESS_LIST=(ADDRESS=(PROTOCOL=BEQ)(PROGRAM=oracle80)(ARGV0=oracle80ORCL)(ARGS='(DESCRIPTION=(LOCAL=YES)(ADDRESS=(PROTOCOL=beq)))')))(CONNECT_DATA=(SID=ORCL)(CID=(PROGRAM=F:\Program Files\Microsoft Visual Studio\VB98\vb6.exe)(HOST=HTPHUONG)(USER=Administrator))))

  VERSION INFORMATION:
	TNS for 32-bit Windows: Version 8.0.6.3.0 - Production
	Oracle Bequeath NT Protocol Adapter for 32-bit Windows: Version 8.0.6.3.0 - Production
  Time: 24-JUN-2010 13:51:46
  Tracing not turned on.
  Tns error struct:
    nr err code: 12203
    TNS-12203: TNS:unable to connect to destination
    ns main err code: 12560
    TNS-12560: TNS:protocol adapter error
    ns secondary err code: 0
    nt main err code: 530
    TNS-00530: Protocol adapter error
    nt secondary err code: 0
    nt OS err code: 0


***********************************************************************
Fatal NI connect error 12203, connecting to:
 (DESCRIPTION=(ADDRESS_LIST=(ADDRESS=(PROTOCOL=TCP)(HOST=10.64.0.254)(PORT=1521)))(CONNECT_DATA=(SID=BMT)(CID=(PROGRAM=F:\Program Files\Microsoft Visual Studio\VB98\vb6.exe)(HOST=HTPHUONG)(USER=Administrator))))

  VERSION INFORMATION:
	TNS for 32-bit Windows: Version 8.0.6.3.0 - Production
	Windows NT TCP/IP NT Protocol Adapter for 32-bit Windows: Version 8.0.6.0.0 - Production
  Time: 24-JUN-2010 13:54:25
  Tracing not turned on.
  Tns error struct:
    nr err code: 12203
    TNS-12203: TNS:unable to connect to destination
    ns main err code: 12560
    TNS-12560: TNS:protocol adapter error
    ns secondary err code: 0
    nt main err code: 530
    TNS-00530: Protocol adapter error
    nt secondary err code: 55
    nt OS err code: 0


***********************************************************************
Fatal NI connect error 12203, connecting to:
 (DESCRIPTION=(ADDRESS_LIST=(ADDRESS=(PROTOCOL=BEQ)(PROGRAM=oracle80)(ARGV0=oracle80ORCL)(ARGS='(DESCRIPTION=(LOCAL=YES)(ADDRESS=(PROTOCOL=beq)))')))(CONNECT_DATA=(SID=ORCL)(CID=(PROGRAM=F:\Program Files\Microsoft Visual Studio\VB98\vb6.exe)(HOST=HTPHUONG)(USER=Administrator))))

  VERSION INFORMATION:
	TNS for 32-bit Windows: Version 8.0.6.3.0 - Production
	Oracle Bequeath NT Protocol Adapter for 32-bit Windows: Version 8.0.6.3.0 - Production
  Time: 24-JUN-2010 13:54:25
  Tracing not turned on.
  Tns error struct:
    nr err code: 12203
    TNS-12203: TNS:unable to connect to destination
    ns main err code: 12560
    TNS-12560: TNS:protocol adapter error
    ns secondary err code: 0
    nt main err code: 530
    TNS-00530: Protocol adapter error
    nt secondary err code: 0
    nt OS err code: 0


***********************************************************************
Fatal NI connect error 12203, connecting to:
 (DESCRIPTION=(ADDRESS_LIST=(ADDRESS=(PROTOCOL=TCP)(HOST=10.64.0.254)(PORT=1521)))(CONNECT_DATA=(SID=BMT)(CID=(PROGRAM=F:\Program Files\Microsoft Visual Studio\VB98\vb6.exe)(HOST=HTPHUONG)(USER=Administrator))))

  VERSION INFORMATION:
	TNS for 32-bit Windows: Version 8.0.6.3.0 - Production
	Windows NT TCP/IP NT Protocol Adapter for 32-bit Windows: Version 8.0.6.0.0 - Production
  Time: 25-JUN-2010 16:28:22
  Tracing not turned on.
  Tns error struct:
    nr err code: 12203
    TNS-12203: TNS:unable to connect to destination
    ns main err code: 12560
    TNS-12560: TNS:protocol adapter error
    ns secondary err code: 0
    nt main err code: 530
    TNS-00530: Protocol adapter error
    nt secondary err code: 55
    nt OS err code: 0


***********************************************************************
Fatal NI connect error 12203, connecting to:
 (DESCRIPTION=(ADDRESS_LIST=(ADDRESS=(PROTOCOL=BEQ)(PROGRAM=oracle80)(ARGV0=oracle80ORCL)(ARGS='(DESCRIPTION=(LOCAL=YES)(ADDRESS=(PROTOCOL=beq)))')))(CONNECT_DATA=(SID=ORCL)(CID=(PROGRAM=F:\Program Files\Microsoft Visual Studio\VB98\vb6.exe)(HOST=HTPHUONG)(USER=Administrator))))

  VERSION INFORMATION:
	TNS for 32-bit Windows: Version 8.0.6.3.0 - Production
	Oracle Bequeath NT Protocol Adapter for 32-bit Windows: Version 8.0.6.3.0 - Production
  Time: 25-JUN-2010 16:28:22
  Tracing not turned on.
  Tns error struct:
    nr err code: 12203
    TNS-12203: TNS:unable to connect to destination
    ns main err code: 12560
    TNS-12560: TNS:protocol adapter error
    ns secondary err code: 0
    nt main err code: 530
    TNS-00530: Protocol adapter error
    nt secondary err code: 0
    nt OS err code: 0


***********************************************************************
Fatal NI connect error 12203, connecting to:
 (DESCRIPTION=(ADDRESS_LIST=(ADDRESS=(PROTOCOL=TCP)(HOST=10.64.0.254)(PORT=1521)))(CONNECT_DATA=(SID=BMT)(CID=(PROGRAM=F:\Program Files\Microsoft Visual Studio\VB98\vb6.exe)(HOST=HTPHUONG)(USER=Administrator))))

  VERSION INFORMATION:
	TNS for 32-bit Windows: Version 8.0.6.3.0 - Production
	Windows NT TCP/IP NT Protocol Adapter for 32-bit Windows: Version 8.0.6.0.0 - Production
  Time: 25-JUN-2010 16:29:44
  Tracing not turned on.
  Tns error struct:
    nr err code: 12203
    TNS-12203: TNS:unable to connect to destination
    ns main err code: 12560
    TNS-12560: TNS:protocol adapter error
    ns secondary err code: 0
    nt main err code: 530
    TNS-00530: Protocol adapter error
    nt secondary err code: 55
    nt OS err code: 0


***********************************************************************
Fatal NI connect error 12203, connecting to:
 (DESCRIPTION=(ADDRESS_LIST=(ADDRESS=(PROTOCOL=BEQ)(PROGRAM=oracle80)(ARGV0=oracle80ORCL)(ARGS='(DESCRIPTION=(LOCAL=YES)(ADDRESS=(PROTOCOL=beq)))')))(CONNECT_DATA=(SID=ORCL)(CID=(PROGRAM=F:\Program Files\Microsoft Visual Studio\VB98\vb6.exe)(HOST=HTPHUONG)(USER=Administrator))))

  VERSION INFORMATION:
	TNS for 32-bit Windows: Version 8.0.6.3.0 - Production
	Oracle Bequeath NT Protocol Adapter for 32-bit Windows: Version 8.0.6.3.0 - Production
  Time: 25-JUN-2010 16:29:44
  Tracing not turned on.
  Tns error struct:
    nr err code: 12203
    TNS-12203: TNS:unable to connect to destination
    ns main err code: 12560
    TNS-12560: TNS:protocol adapter error
    ns secondary err code: 0
    nt main err code: 530
    TNS-00530: Protocol adapter error
    nt secondary err code: 0
    nt OS err code: 0


***********************************************************************
Fatal NI connect error 12203, connecting to:
 (DESCRIPTION=(ADDRESS_LIST=(ADDRESS=(PROTOCOL=TCP)(HOST=10.64.0.254)(PORT=1521)))(CONNECT_DATA=(SID=BMT)(CID=(PROGRAM=F:\Program Files\Microsoft Visual Studio\VB98\vb6.exe)(HOST=HTPHUONG)(USER=Administrator))))

  VERSION INFORMATION:
	TNS for 32-bit Windows: Version 8.0.6.3.0 - Production
	Windows NT TCP/IP NT Protocol Adapter for 32-bit Windows: Version 8.0.6.0.0 - Production
  Time: 25-JUN-2010 16:32:27
  Tracing not turned on.
  Tns error struct:
    nr err code: 12203
    TNS-12203: TNS:unable to connect to destination
    ns main err code: 12560
    TNS-12560: TNS:protocol adapter error
    ns secondary err code: 0
    nt main err code: 530
    TNS-00530: Protocol adapter error
    nt secondary err code: 55
    nt OS err code: 0


***********************************************************************
Fatal NI connect error 12203, connecting to:
 (DESCRIPTION=(ADDRESS_LIST=(ADDRESS=(PROTOCOL=BEQ)(PROGRAM=oracle80)(ARGV0=oracle80ORCL)(ARGS='(DESCRIPTION=(LOCAL=YES)(ADDRESS=(PROTOCOL=beq)))')))(CONNECT_DATA=(SID=ORCL)(CID=(PROGRAM=F:\Program Files\Microsoft Visual Studio\VB98\vb6.exe)(HOST=HTPHUONG)(USER=Administrator))))

  VERSION INFORMATION:
	TNS for 32-bit Windows: Version 8.0.6.3.0 - Production
	Oracle Bequeath NT Protocol Adapter for 32-bit Windows: Version 8.0.6.3.0 - Production
  Time: 25-JUN-2010 16:32:27
  Tracing not turned on.
  Tns error struct:
    nr err code: 12203
    TNS-12203: TNS:unable to connect to destination
    ns main err code: 12560
    TNS-12560: TNS:protocol adapter error
    ns secondary err code: 0
    nt main err code: 530
    TNS-00530: Protocol adapter error
    nt secondary err code: 0
    nt OS err code: 0


***********************************************************************
Fatal NI connect error 12203, connecting to:
 (DESCRIPTION=(ADDRESS_LIST=(ADDRESS=(PROTOCOL=BEQ)(PROGRAM=oracle80)(ARGV0=oracle80ORCL)(ARGS='(DESCRIPTION=(LOCAL=YES)(ADDRESS=(PROTOCOL=beq)))')))(CONNECT_DATA=(SID=ORCL)(CID=(PROGRAM=F:\Program Files\Microsoft Visual Studio\VB98\vb6.exe)(HOST=HTPHUONG)(USER=Administrator))))

  VERSION INFORMATION:
	TNS for 32-bit Windows: Version 8.0.6.3.0 - Production
	Oracle Bequeath NT Protocol Adapter for 32-bit Windows: Version 8.0.6.3.0 - Production
  Time: 28-JUL-2010 14:01:38
  Tracing not turned on.
  Tns error struct:
    nr err code: 12203
    TNS-12203: TNS:unable to connect to destination
    ns main err code: 12560
    TNS-12560: TNS:protocol adapter error
    ns secondary err code: 0
    nt main err code: 530
    TNS-00530: Protocol adapter error
    nt secondary err code: 0
    nt OS err code: 0


***********************************************************************
Fatal NI connect error 12203, connecting to:
 (DESCRIPTION=(ADDRESS_LIST=(ADDRESS=(PROTOCOL=BEQ)(PROGRAM=oracle80)(ARGV0=oracle80ORCL)(ARGS='(DESCRIPTION=(LOCAL=YES)(ADDRESS=(PROTOCOL=beq)))')))(CONNECT_DATA=(SID=ORCL)(CID=(PROGRAM=F:\Program Files\Microsoft Visual Studio\VB98\vb6.exe)(HOST=HTPHUONG)(USER=Administrator))))

  VERSION INFORMATION:
	TNS for 32-bit Windows: Version 8.0.6.3.0 - Production
	Oracle Bequeath NT Protocol Adapter for 32-bit Windows: Version 8.0.6.3.0 - Production
  Time: 28-JUL-2010 14:02:02
  Tracing not turned on.
  Tns error struct:
    nr err code: 12203
    TNS-12203: TNS:unable to connect to destination
    ns main err code: 12560
    TNS-12560: TNS:protocol adapter error
    ns secondary err code: 0
    nt main err code: 530
    TNS-00530: Protocol adapter error
    nt secondary err code: 0
    nt OS err code: 0


***********************************************************************
Fatal NI connect error 12203, connecting to:
 (DESCRIPTION=(ADDRESS_LIST=(ADDRESS=(PROTOCOL=TCP)(HOST=10.59.66.13)(PORT=1521)))(CONNECT_DATA=(SID=BMT)(CID=(PROGRAM=F:\Program Files\Microsoft Visual Studio\VB98\vb6.exe)(HOST=HTPHUONG)(USER=Administrator))))

  VERSION INFORMATION:
	TNS for 32-bit Windows: Version 8.0.6.3.0 - Production
	Windows NT TCP/IP NT Protocol Adapter for 32-bit Windows: Version 8.0.6.0.0 - Production
  Time: 01-SEP-2010 17:23:24
  Tracing not turned on.
  Tns error struct:
    nr err code: 12203
    TNS-12203: TNS:unable to connect to destination
    ns main err code: 12560
    TNS-12560: TNS:protocol adapter error
    ns secondary err code: 0
    nt main err code: 538
    TNS-00538: Message 538 not found;  product=NET80; facility=TNS

    nt secondary err code: 65
    nt OS err code: 0


***********************************************************************
Fatal NI connect error 12203, connecting to:
 (DESCRIPTION=(ADDRESS_LIST=(ADDRESS=(PROTOCOL=BEQ)(PROGRAM=oracle80)(ARGV0=oracle80ORCL)(ARGS='(DESCRIPTION=(LOCAL=YES)(ADDRESS=(PROTOCOL=beq)))')))(CONNECT_DATA=(SID=ORCL)(CID=(PROGRAM=F:\Program Files\Microsoft Visual Studio\VB98\vb6.exe)(HOST=HTPHUONG)(USER=Administrator))))

  VERSION INFORMATION:
	TNS for 32-bit Windows: Version 8.0.6.3.0 - Production
	Oracle Bequeath NT Protocol Adapter for 32-bit Windows: Version 8.0.6.3.0 - Production
  Time: 01-SEP-2010 17:23:24
  Tracing not turned on.
  Tns error struct:
    nr err code: 12203
    TNS-12203: TNS:unable to connect to destination
    ns main err code: 12560
    TNS-12560: TNS:protocol adapter error
    ns secondary err code: 0
    nt main err code: 530
    TNS-00530: Protocol adapter error
    nt secondary err code: 0
    nt OS err code: 0


***********************************************************************
Fatal NI connect error 12203, connecting to:
 (DESCRIPTION=(ADDRESS_LIST=(ADDRESS=(PROTOCOL=TCP)(HOST=10.59.66.13)(PORT=1521)))(CONNECT_DATA=(SID=BMT)(CID=(PROGRAM=F:\Program Files\Microsoft Visual Studio\VB98\vb6.exe)(HOST=HTPHUONG)(USER=Administrator))))

  VERSION INFORMATION:
	TNS for 32-bit Windows: Version 8.0.6.3.0 - Production
	Windows NT TCP/IP NT Protocol Adapter for 32-bit Windows: Version 8.0.6.0.0 - Production
  Time: 01-SEP-2010 17:28:30
  Tracing not turned on.
  Tns error struct:
    nr err code: 12203
    TNS-12203: TNS:unable to connect to destination
    ns main err code: 12560
    TNS-12560: TNS:protocol adapter error
    ns secondary err code: 0
    nt main err code: 538
    TNS-00538: Message 538 not found;  product=NET80; facility=TNS

    nt secondary err code: 65
    nt OS err code: 0


***********************************************************************
Fatal NI connect error 12203, connecting to:
 (DESCRIPTION=(ADDRESS_LIST=(ADDRESS=(PROTOCOL=BEQ)(PROGRAM=oracle80)(ARGV0=oracle80ORCL)(ARGS='(DESCRIPTION=(LOCAL=YES)(ADDRESS=(PROTOCOL=beq)))')))(CONNECT_DATA=(SID=ORCL)(CID=(PROGRAM=F:\Program Files\Microsoft Visual Studio\VB98\vb6.exe)(HOST=HTPHUONG)(USER=Administrator))))

  VERSION INFORMATION:
	TNS for 32-bit Windows: Version 8.0.6.3.0 - Production
	Oracle Bequeath NT Protocol Adapter for 32-bit Windows: Version 8.0.6.3.0 - Production
  Time: 01-SEP-2010 17:28:30
  Tracing not turned on.
  Tns error struct:
    nr err code: 12203
    TNS-12203: TNS:unable to connect to destination
    ns main err code: 12560
    TNS-12560: TNS:protocol adapter error
    ns secondary err code: 0
    nt main err code: 530
    TNS-00530: Protocol adapter error
    nt secondary err code: 0
    nt OS err code: 0


***********************************************************************
Fatal NI connect error 12203, connecting to:
 (DESCRIPTION=(ADDRESS_LIST=(ADDRESS=(PROTOCOL=TCP)(HOST=10.59.66.13)(PORT=1521)))(CONNECT_DATA=(SID=BMT)(CID=(PROGRAM=F:\Program Files\Microsoft Visual Studio\VB98\vb6.exe)(HOST=HTPHUONG)(USER=Administrator))))

  VERSION INFORMATION:
	TNS for 32-bit Windows: Version 8.0.6.3.0 - Production
	Windows NT TCP/IP NT Protocol Adapter for 32-bit Windows: Version 8.0.6.0.0 - Production
  Time: 01-SEP-2010 17:29:08
  Tracing not turned on.
  Tns error struct:
    nr err code: 12203
    TNS-12203: TNS:unable to connect to destination
    ns main err code: 12560
    TNS-12560: TNS:protocol adapter error
    ns secondary err code: 0
    nt main err code: 538
    TNS-00538: Message 538 not found;  product=NET80; facility=TNS

    nt secondary err code: 65
    nt OS err code: 0


***********************************************************************
Fatal NI connect error 12203, connecting to:
 (DESCRIPTION=(ADDRESS_LIST=(ADDRESS=(PROTOCOL=BEQ)(PROGRAM=oracle80)(ARGV0=oracle80ORCL)(ARGS='(DESCRIPTION=(LOCAL=YES)(ADDRESS=(PROTOCOL=beq)))')))(CONNECT_DATA=(SID=ORCL)(CID=(PROGRAM=F:\Program Files\Microsoft Visual Studio\VB98\vb6.exe)(HOST=HTPHUONG)(USER=Administrator))))

  VERSION INFORMATION:
	TNS for 32-bit Windows: Version 8.0.6.3.0 - Production
	Oracle Bequeath NT Protocol Adapter for 32-bit Windows: Version 8.0.6.3.0 - Production
  Time: 01-SEP-2010 17:29:08
  Tracing not turned on.
  Tns error struct:
    nr err code: 12203
    TNS-12203: TNS:unable to connect to destination
    ns main err code: 12560
    TNS-12560: TNS:protocol adapter error
    ns secondary err code: 0
    nt main err code: 530
    TNS-00530: Protocol adapter error
    nt secondary err code: 0
    nt OS err code: 0


***********************************************************************
Fatal NI connect error 12560, connecting to:
 (DESCRIPTION=(ADDRESS=(PROTOCOL=TCP)(HOST=10.64.9.101)(PORT=1521))(CONNECT_DATA=(SID=BMT)(CID=(PROGRAM=C:\Program Files\Microsoft Visual Studio\VB98\vb6.exe)(HOST=CMCSOFT-9D6C4EB)(USER=Nguyen?Van?Hai))))

  VERSION INFORMATION:
	TNS for 32-bit Windows: Version 10.1.0.4.0 - Production
	Windows NT TCP/IP NT Protocol Adapter for 32-bit Windows: Version 10.1.0.4.0 - Production
  Time: 24-DEC-2010 17:20:11
  Tracing not turned on.
  Tns error struct:
    ns main err code: 12560
    TNS-12560: TNS:protocol adapter error
    ns secondary err code: 0
    nt main err code: 538
    TNS-00538: Message 538 not found;  product=NETWORK; facility=TNS

    nt secondary err code: 65
    nt OS err code: 0


***********************************************************************
Fatal NI connect error 12560, connecting to:
 (DESCRIPTION=(ADDRESS=(PROTOCOL=BEQ)(PROGRAM=oracle)(ARGV0=oracleORCL)(ARGS='(DESCRIPTION=(LOCAL=YES)(ADDRESS=(PROTOCOL=beq)))'))(CONNECT_DATA=(SID=ORCL)(CID=(PROGRAM=C:\Program Files\Microsoft Visual Studio\VB98\vb6.exe)(HOST=CMCSOFT-9D6C4EB)(USER=Nguyen?Van?Hai))))

  VERSION INFORMATION:
	TNS for 32-bit Windows: Version 10.1.0.4.0 - Production
	Oracle Bequeath NT Protocol Adapter for 32-bit Windows: Version 10.1.0.4.0 - Production
	Windows NT TCP/IP NT Protocol Adapter for 32-bit Windows: Version 10.1.0.4.0 - Production
  Time: 24-DEC-2010 17:20:11
  Tracing not turned on.
  Tns error struct:
    ns main err code: 12560
    TNS-12560: TNS:protocol adapter error
    ns secondary err code: 0
    nt main err code: 530
    TNS-00530: Protocol adapter error
    nt secondary err code: 126
    nt OS err code: 0


***********************************************************************
Fatal NI connect error 12203, connecting to:
 (DESCRIPTION=(ADDRESS_LIST=(ADDRESS=(PROTOCOL=TCP)(HOST=10.64.28.15)(PORT=1521)))(CONNECT_DATA=(SID=BMT)(CID=(PROGRAM=F:\Program Files\Microsoft Visual Studio\VB98\vb6.exe)(HOST=HTPHUONG)(USER=Administrator))))

  VERSION INFORMATION:
	TNS for 32-bit Windows: Version 8.0.6.3.0 - Production
	Windows NT TCP/IP NT Protocol Adapter for 32-bit Windows: Version 8.0.6.0.0 - Production
  Time: 10-MAY-2011 13:43:26
  Tracing not turned on.
  Tns error struct:
    nr err code: 12203
    TNS-12203: TNS:unable to connect to destination
    ns main err code: 12535
    TNS-12535: TNS:operation timed out
    ns secondary err code: 12560
    nt main err code: 505
    TNS-00505: Operation timed out
    nt secondary err code: 60
    nt OS err code: 0


***********************************************************************
Fatal NI connect error 12203, connecting to:
 (DESCRIPTION=(ADDRESS_LIST=(ADDRESS=(PROTOCOL=BEQ)(PROGRAM=oracle80)(ARGV0=oracle80ORCL)(ARGS='(DESCRIPTION=(LOCAL=YES)(ADDRESS=(PROTOCOL=beq)))')))(CONNECT_DATA=(SID=ORCL)(CID=(PROGRAM=F:\Program Files\Microsoft Visual Studio\VB98\vb6.exe)(HOST=HTPHUONG)(USER=Administrator))))

  VERSION INFORMATION:
	TNS for 32-bit Windows: Version 8.0.6.3.0 - Production
	Oracle Bequeath NT Protocol Adapter for 32-bit Windows: Version 8.0.6.3.0 - Production
  Time: 10-MAY-2011 13:43:27
  Tracing not turned on.
  Tns error struct:
    nr err code: 12203
    TNS-12203: TNS:unable to connect to destination
    ns main err code: 12560
    TNS-12560: TNS:protocol adapter error
    ns secondary err code: 0
    nt main err code: 530
    TNS-00530: Protocol adapter error
    nt secondary err code: 0
    nt OS err code: 0


***********************************************************************
Fatal NI connect error 12203, connecting to:
 (DESCRIPTION=(ADDRESS_LIST=(ADDRESS=(PROTOCOL=TCP)(HOST=10.64.28.15)(PORT=1521)))(CONNECT_DATA=(SID=BMT)(CID=(PROGRAM=F:\Program Files\Microsoft Visual Studio\VB98\vb6.exe)(HOST=HTPHUONG)(USER=Administrator))))

  VERSION INFORMATION:
	TNS for 32-bit Windows: Version 8.0.6.3.0 - Production
	Windows NT TCP/IP NT Protocol Adapter for 32-bit Windows: Version 8.0.6.0.0 - Production
  Time: 10-MAY-2011 13:44:38
  Tracing not turned on.
  Tns error struct:
    nr err code: 12203
    TNS-12203: TNS:unable to connect to destination
    ns main err code: 12535
    TNS-12535: TNS:operation timed out
    ns secondary err code: 12560
    nt main err code: 505
    TNS-00505: Operation timed out
    nt secondary err code: 60
    nt OS err code: 0


***********************************************************************
Fatal NI connect error 12203, connecting to:
 (DESCRIPTION=(ADDRESS_LIST=(ADDRESS=(PROTOCOL=BEQ)(PROGRAM=oracle80)(ARGV0=oracle80ORCL)(ARGS='(DESCRIPTION=(LOCAL=YES)(ADDRESS=(PROTOCOL=beq)))')))(CONNECT_DATA=(SID=ORCL)(CID=(PROGRAM=F:\Program Files\Microsoft Visual Studio\VB98\vb6.exe)(HOST=HTPHUONG)(USER=Administrator))))

  VERSION INFORMATION:
	TNS for 32-bit Windows: Version 8.0.6.3.0 - Production
	Oracle Bequeath NT Protocol Adapter for 32-bit Windows: Version 8.0.6.3.0 - Production
  Time: 10-MAY-2011 13:44:38
  Tracing not turned on.
  Tns error struct:
    nr err code: 12203
    TNS-12203: TNS:unable to connect to destination
    ns main err code: 12560
    TNS-12560: TNS:protocol adapter error
    ns secondary err code: 0
    nt main err code: 530
    TNS-00530: Protocol adapter error
    nt secondary err code: 0
    nt OS err code: 0


***********************************************************************
Fatal NI connect error 12203, connecting to:
 (DESCRIPTION=(ADDRESS_LIST=(ADDRESS=(PROTOCOL=TCP)(HOST=10.64.28.15)(PORT=1521)))(CONNECT_DATA=(SID=BMT)(CID=(PROGRAM=F:\Program Files\Microsoft Visual Studio\VB98\vb6.exe)(HOST=HTPHUONG)(USER=Administrator))))

  VERSION INFORMATION:
	TNS for 32-bit Windows: Version 8.0.6.3.0 - Production
	Windows NT TCP/IP NT Protocol Adapter for 32-bit Windows: Version 8.0.6.0.0 - Production
  Time: 10-MAY-2011 13:47:00
  Tracing not turned on.
  Tns error struct:
    nr err code: 12203
    TNS-12203: TNS:unable to connect to destination
    ns main err code: 12535
    TNS-12535: TNS:operation timed out
    ns secondary err code: 12560
    nt main err code: 505
    TNS-00505: Operation timed out
    nt secondary err code: 60
    nt OS err code: 0


***********************************************************************
Fatal NI connect error 12203, connecting to:
 (DESCRIPTION=(ADDRESS_LIST=(ADDRESS=(PROTOCOL=BEQ)(PROGRAM=oracle80)(ARGV0=oracle80ORCL)(ARGS='(DESCRIPTION=(LOCAL=YES)(ADDRESS=(PROTOCOL=beq)))')))(CONNECT_DATA=(SID=ORCL)(CID=(PROGRAM=F:\Program Files\Microsoft Visual Studio\VB98\vb6.exe)(HOST=HTPHUONG)(USER=Administrator))))

  VERSION INFORMATION:
	TNS for 32-bit Windows: Version 8.0.6.3.0 - Production
	Oracle Bequeath NT Protocol Adapter for 32-bit Windows: Version 8.0.6.3.0 - Production
  Time: 10-MAY-2011 13:47:00
  Tracing not turned on.
  Tns error struct:
    nr err code: 12203
    TNS-12203: TNS:unable to connect to destination
    ns main err code: 12560
    TNS-12560: TNS:protocol adapter error
    ns secondary err code: 0
    nt main err code: 530
    TNS-00530: Protocol adapter error
    nt secondary err code: 0
    nt OS err code: 0


***********************************************************************
Fatal NI connect error 12203, connecting to:
 (DESCRIPTION=(ADDRESS_LIST=(ADDRESS=(PROTOCOL=TCP)(HOST=10.64.28.15)(PORT=1521)))(CONNECT_DATA=(SID=BMT)(CID=(PROGRAM=F:\Program Files\Microsoft Visual Studio\VB98\vb6.exe)(HOST=HTPHUONG)(USER=Administrator))))

  VERSION INFORMATION:
	TNS for 32-bit Windows: Version 8.0.6.3.0 - Production
	Windows NT TCP/IP NT Protocol Adapter for 32-bit Windows: Version 8.0.6.0.0 - Production
  Time: 10-MAY-2011 13:49:43
  Tracing not turned on.
  Tns error struct:
    nr err code: 12203
    TNS-12203: TNS:unable to connect to destination
    ns main err code: 12535
    TNS-12535: TNS:operation timed out
    ns secondary err code: 12560
    nt main err code: 505
    TNS-00505: Operation timed out
    nt secondary err code: 60
    nt OS err code: 0


***********************************************************************
Fatal NI connect error 12203, connecting to:
 (DESCRIPTION=(ADDRESS_LIST=(ADDRESS=(PROTOCOL=BEQ)(PROGRAM=oracle80)(ARGV0=oracle80ORCL)(ARGS='(DESCRIPTION=(LOCAL=YES)(ADDRESS=(PROTOCOL=beq)))')))(CONNECT_DATA=(SID=ORCL)(CID=(PROGRAM=F:\Program Files\Microsoft Visual Studio\VB98\vb6.exe)(HOST=HTPHUONG)(USER=Administrator))))

  VERSION INFORMATION:
	TNS for 32-bit Windows: Version 8.0.6.3.0 - Production
	Oracle Bequeath NT Protocol Adapter for 32-bit Windows: Version 8.0.6.3.0 - Production
  Time: 10-MAY-2011 13:49:43
  Tracing not turned on.
  Tns error struct:
    nr err code: 12203
    TNS-12203: TNS:unable to connect to destination
    ns main err code: 12560
    TNS-12560: TNS:protocol adapter error
    ns secondary err code: 0
    nt main err code: 530
    TNS-00530: Protocol adapter error
    nt secondary err code: 0
    nt OS err code: 0


***********************************************************************
Fatal NI connect error 12203, connecting to:
 (DESCRIPTION=(ADDRESS_LIST=(ADDRESS=(PROTOCOL=TCP)(HOST=10.20.66.12)(PORT=1521)))(CONNECT_DATA=(SID=BMT)(CID=(PROGRAM=F:\Program Files\Microsoft Visual Studio\VB98\vb6.exe)(HOST=HTPHUONG)(USER=Administrator))))

  VERSION INFORMATION:
	TNS for 32-bit Windows: Version 8.0.6.3.0 - Production
	Windows NT TCP/IP NT Protocol Adapter for 32-bit Windows: Version 8.0.6.0.0 - Production
  Time: 10-MAY-2011 13:52:25
  Tracing not turned on.
  Tns error struct:
    nr err code: 12203
    TNS-12203: TNS:unable to connect to destination
    ns main err code: 12541
    TNS-12541: TNS:no listener
    ns secondary err code: 12560
    nt main err code: 511
    TNS-00511: No listener
    nt secondary err code: 61
    nt OS err code: 0


***********************************************************************
Fatal NI connect error 12203, connecting to:
 (DESCRIPTION=(ADDRESS_LIST=(ADDRESS=(PROTOCOL=BEQ)(PROGRAM=oracle80)(ARGV0=oracle80ORCL)(ARGS='(DESCRIPTION=(LOCAL=YES)(ADDRESS=(PROTOCOL=beq)))')))(CONNECT_DATA=(SID=ORCL)(CID=(PROGRAM=F:\Program Files\Microsoft Visual Studio\VB98\vb6.exe)(HOST=HTPHUONG)(USER=Administrator))))

  VERSION INFORMATION:
	TNS for 32-bit Windows: Version 8.0.6.3.0 - Production
	Oracle Bequeath NT Protocol Adapter for 32-bit Windows: Version 8.0.6.3.0 - Production
  Time: 10-MAY-2011 13:52:25
  Tracing not turned on.
  Tns error struct:
    nr err code: 12203
    TNS-12203: TNS:unable to connect to destination
    ns main err code: 12560
    TNS-12560: TNS:protocol adapter error
    ns secondary err code: 0
    nt main err code: 530
    TNS-00530: Protocol adapter error
    nt secondary err code: 0
    nt OS err code: 0


***********************************************************************
Fatal NI connect error 12203, connecting to:
 (DESCRIPTION=(ADDRESS_LIST=(ADDRESS=(PROTOCOL=TCP)(HOST=10.20.66.12)(PORT=1521)))(CONNECT_DATA=(SID=BMT)(CID=(PROGRAM=F:\Program Files\Microsoft Visual Studio\VB98\vb6.exe)(HOST=HTPHUONG)(USER=Administrator))))

  VERSION INFORMATION:
	TNS for 32-bit Windows: Version 8.0.6.3.0 - Production
	Windows NT TCP/IP NT Protocol Adapter for 32-bit Windows: Version 8.0.6.0.0 - Production
  Time: 10-MAY-2011 13:52:56
  Tracing not turned on.
  Tns error struct:
    nr err code: 12203
    TNS-12203: TNS:unable to connect to destination
    ns main err code: 12541
    TNS-12541: TNS:no listener
    ns secondary err code: 12560
    nt main err code: 511
    TNS-00511: No listener
    nt secondary err code: 61
    nt OS err code: 0


***********************************************************************
Fatal NI connect error 12203, connecting to:
 (DESCRIPTION=(ADDRESS_LIST=(ADDRESS=(PROTOCOL=BEQ)(PROGRAM=oracle80)(ARGV0=oracle80ORCL)(ARGS='(DESCRIPTION=(LOCAL=YES)(ADDRESS=(PROTOCOL=beq)))')))(CONNECT_DATA=(SID=ORCL)(CID=(PROGRAM=F:\Program Files\Microsoft Visual Studio\VB98\vb6.exe)(HOST=HTPHUONG)(USER=Administrator))))

  VERSION INFORMATION:
	TNS for 32-bit Windows: Version 8.0.6.3.0 - Production
	Oracle Bequeath NT Protocol Adapter for 32-bit Windows: Version 8.0.6.3.0 - Production
  Time: 10-MAY-2011 13:52:56
  Tracing not turned on.
  Tns error struct:
    nr err code: 12203
    TNS-12203: TNS:unable to connect to destination
    ns main err code: 12560
    TNS-12560: TNS:protocol adapter error
    ns secondary err code: 0
    nt main err code: 530
    TNS-00530: Protocol adapter error
    nt secondary err code: 0
    nt OS err code: 0


***********************************************************************
Fatal NI connect error 12203, connecting to:
 (DESCRIPTION=(ADDRESS_LIST=(ADDRESS=(PROTOCOL=TCP)(HOST=10.20.66.12)(PORT=1521)))(CONNECT_DATA=(SID=BMT)(CID=(PROGRAM=F:\Program Files\Microsoft Visual Studio\VB98\vb6.exe)(HOST=HTPHUONG)(USER=Administrator))))

  VERSION INFORMATION:
	TNS for 32-bit Windows: Version 8.0.6.3.0 - Production
	Windows NT TCP/IP NT Protocol Adapter for 32-bit Windows: Version 8.0.6.0.0 - Production
  Time: 10-MAY-2011 13:53:59
  Tracing not turned on.
  Tns error struct:
    nr err code: 12203
    TNS-12203: TNS:unable to connect to destination
    ns main err code: 12541
    TNS-12541: TNS:no listener
    ns secondary err code: 12560
    nt main err code: 511
    TNS-00511: No listener
    nt secondary err code: 61
    nt OS err code: 0


***********************************************************************
Fatal NI connect error 12203, connecting to:
 (DESCRIPTION=(ADDRESS_LIST=(ADDRESS=(PROTOCOL=BEQ)(PROGRAM=oracle80)(ARGV0=oracle80ORCL)(ARGS='(DESCRIPTION=(LOCAL=YES)(ADDRESS=(PROTOCOL=beq)))')))(CONNECT_DATA=(SID=ORCL)(CID=(PROGRAM=F:\Program Files\Microsoft Visual Studio\VB98\vb6.exe)(HOST=HTPHUONG)(USER=Administrator))))

  VERSION INFORMATION:
	TNS for 32-bit Windows: Version 8.0.6.3.0 - Production
	Oracle Bequeath NT Protocol Adapter for 32-bit Windows: Version 8.0.6.3.0 - Production
  Time: 10-MAY-2011 13:53:59
  Tracing not turned on.
  Tns error struct:
    nr err code: 12203
    TNS-12203: TNS:unable to connect to destination
    ns main err code: 12560
    TNS-12560: TNS:protocol adapter error
    ns secondary err code: 0
    nt main err code: 530
    TNS-00530: Protocol adapter error
    nt secondary err code: 0
    nt OS err code: 0


***********************************************************************
Fatal NI connect error 12203, connecting to:
 (DESCRIPTION=(ADDRESS_LIST=(ADDRESS=(PROTOCOL=TCP)(HOST=10.20.66.12)(PORT=1521)))(CONNECT_DATA=(SID=BMT)(CID=(PROGRAM=F:\Program Files\Microsoft Visual Studio\VB98\vb6.exe)(HOST=HTPHUONG)(USER=Administrator))))

  VERSION INFORMATION:
	TNS for 32-bit Windows: Version 8.0.6.3.0 - Production
	Windows NT TCP/IP NT Protocol Adapter for 32-bit Windows: Version 8.0.6.0.0 - Production
  Time: 10-MAY-2011 13:56:03
  Tracing not turned on.
  Tns error struct:
    nr err code: 12203
    TNS-12203: TNS:unable to connect to destination
    ns main err code: 12541
    TNS-12541: TNS:no listener
    ns secondary err code: 12560
    nt main err code: 511
    TNS-00511: No listener
    nt secondary err code: 61
    nt OS err code: 0


***********************************************************************
Fatal NI connect error 12203, connecting to:
 (DESCRIPTION=(ADDRESS_LIST=(ADDRESS=(PROTOCOL=BEQ)(PROGRAM=oracle80)(ARGV0=oracle80ORCL)(ARGS='(DESCRIPTION=(LOCAL=YES)(ADDRESS=(PROTOCOL=beq)))')))(CONNECT_DATA=(SID=ORCL)(CID=(PROGRAM=F:\Program Files\Microsoft Visual Studio\VB98\vb6.exe)(HOST=HTPHUONG)(USER=Administrator))))

  VERSION INFORMATION:
	TNS for 32-bit Windows: Version 8.0.6.3.0 - Production
	Oracle Bequeath NT Protocol Adapter for 32-bit Windows: Version 8.0.6.3.0 - Production
  Time: 10-MAY-2011 13:56:03
  Tracing not turned on.
  Tns error struct:
    nr err code: 12203
    TNS-12203: TNS:unable to connect to destination
    ns main err code: 12560
    TNS-12560: TNS:protocol adapter error
    ns secondary err code: 0
    nt main err code: 530
    TNS-00530: Protocol adapter error
    nt secondary err code: 0
    nt OS err code: 0


***********************************************************************
Fatal NI connect error 12203, connecting to:
 (DESCRIPTION=(ADDRESS_LIST=(ADDRESS=(PROTOCOL=TCP)(HOST=10.20.66.12)(PORT=1521)))(CONNECT_DATA=(SID=BMT)(CID=(PROGRAM=F:\Program Files\Microsoft Visual Studio\VB98\vb6.exe)(HOST=HTPHUONG)(USER=Administrator))))

  VERSION INFORMATION:
	TNS for 32-bit Windows: Version 8.0.6.3.0 - Production
	Windows NT TCP/IP NT Protocol Adapter for 32-bit Windows: Version 8.0.6.0.0 - Production
  Time: 10-MAY-2011 14:25:13
  Tracing not turned on.
  Tns error struct:
    nr err code: 12203
    TNS-12203: TNS:unable to connect to destination
    ns main err code: 12541
    TNS-12541: TNS:no listener
    ns secondary err code: 12560
    nt main err code: 511
    TNS-00511: No listener
    nt secondary err code: 61
    nt OS err code: 0


***********************************************************************
Fatal NI connect error 12203, connecting to:
 (DESCRIPTION=(ADDRESS_LIST=(ADDRESS=(PROTOCOL=BEQ)(PROGRAM=oracle80)(ARGV0=oracle80ORCL)(ARGS='(DESCRIPTION=(LOCAL=YES)(ADDRESS=(PROTOCOL=beq)))')))(CONNECT_DATA=(SID=ORCL)(CID=(PROGRAM=F:\Program Files\Microsoft Visual Studio\VB98\vb6.exe)(HOST=HTPHUONG)(USER=Administrator))))

  VERSION INFORMATION:
	TNS for 32-bit Windows: Version 8.0.6.3.0 - Production
	Oracle Bequeath NT Protocol Adapter for 32-bit Windows: Version 8.0.6.3.0 - Production
  Time: 10-MAY-2011 14:25:13
  Tracing not turned on.
  Tns error struct:
    nr err code: 12203
    TNS-12203: TNS:unable to connect to destination
    ns main err code: 12560
    TNS-12560: TNS:protocol adapter error
    ns secondary err code: 0
    nt main err code: 530
    TNS-00530: Protocol adapter error
    nt secondary err code: 0
    nt OS err code: 0


***********************************************************************
Fatal NI connect error 12224, connecting to:
 (DESCRIPTION=(ADDRESS=(PROTOCOL=TCP)(HOST=10.20.66.12)(PORT=1521))(CONNECT_DATA=(SID=BMT)(CID=(PROGRAM=F:\Program Files\Microsoft Visual Studio\VB98\vb6.exe)(HOST=HTPHUONG)(USER=Administrator))))

  VERSION INFORMATION:
	TNS for 32-bit Windows: Version 8.0.6.3.0 - Production
	Windows NT TCP/IP NT Protocol Adapter for 32-bit Windows: Version 8.0.6.0.0 - Production
  Time: 10-MAY-2011 14:40:38
  Tracing not turned on.
  Tns error struct:
    nr err code: 12224
    TNS-12224: TNS:no listener
    ns main err code: 12541
    TNS-12541: TNS:no listener
    ns secondary err code: 12560
    nt main err code: 511
    TNS-00511: No listener
    nt secondary err code: 61
    nt OS err code: 0


***********************************************************************
Fatal NI connect error 12203, connecting to:
 (DESCRIPTION=(ADDRESS_LIST=(ADDRESS=(PROTOCOL=BEQ)(PROGRAM=oracle80)(ARGV0=oracle80ORCL)(ARGS='(DESCRIPTION=(LOCAL=YES)(ADDRESS=(PROTOCOL=beq)))')))(CONNECT_DATA=(SID=ORCL)(CID=(PROGRAM=F:\Program Files\Microsoft Visual Studio\VB98\vb6.exe)(HOST=HTPHUONG)(USER=Administrator))))

  VERSION INFORMATION:
	TNS for 32-bit Windows: Version 8.0.6.3.0 - Production
	Oracle Bequeath NT Protocol Adapter for 32-bit Windows: Version 8.0.6.3.0 - Production
  Time: 10-MAY-2011 14:40:38
  Tracing not turned on.
  Tns error struct:
    nr err code: 12203
    TNS-12203: TNS:unable to connect to destination
    ns main err code: 12560
    TNS-12560: TNS:protocol adapter error
    ns secondary err code: 0
    nt main err code: 530
    TNS-00530: Protocol adapter error
    nt secondary err code: 0
    nt OS err code: 0


***********************************************************************
Fatal NI connect error 12203, connecting to:
 (DESCRIPTION=(ADDRESS_LIST=(ADDRESS=(PROTOCOL=BEQ)(PROGRAM=oracle80)(ARGV0=oracle80ORCL)(ARGS='(DESCRIPTION=(LOCAL=YES)(ADDRESS=(PROTOCOL=beq)))')))(CONNECT_DATA=(SID=ORCL)(CID=(PROGRAM=F:\Program Files\Microsoft Visual Studio\VB98\vb6.exe)(HOST=HTPHUONG)(USER=Administrator))))

  VERSION INFORMATION:
	TNS for 32-bit Windows: Version 8.0.6.3.0 - Production
	Oracle Bequeath NT Protocol Adapter for 32-bit Windows: Version 8.0.6.3.0 - Production
  Time: 11-MAY-2011 09:08:11
  Tracing not turned on.
  Tns error struct:
    nr err code: 12203
    TNS-12203: TNS:unable to connect to destination
    ns main err code: 12560
    TNS-12560: TNS:protocol adapter error
    ns secondary err code: 0
    nt main err code: 530
    TNS-00530: Protocol adapter error
    nt secondary err code: 0
    nt OS err code: 0


***********************************************************************
Fatal NI connect error 12500, connecting to:
 (DESCRIPTION=(ADDRESS=(PROTOCOL=TCP)(HOST=10.64.29.17)(PORT=1521))(CONNECT_DATA=(SID=BMT)(CID=(PROGRAM=F:\Program Files\Microsoft Visual Studio\VB98\vb6.exe)(HOST=HTPHUONG)(USER=Administrator))))

  VERSION INFORMATION:
	TNS for 32-bit Windows: Version 8.0.6.3.0 - Production
	Windows NT TCP/IP NT Protocol Adapter for 32-bit Windows: Version 8.0.6.0.0 - Production
  Time: 02-MAY-2012 10:26:57
  Tracing not turned on.
  Tns error struct:
    nr err code: 12204
    TNS-12204: TNS:received data refused from an application
    ns main err code: 12564
    TNS-12564: TNS:connection refused
    ns secondary err code: 0
    nt main err code: 0
    nt secondary err code: 0
    nt OS err code: 0


***********************************************************************
Fatal NI connect error 12203, connecting to:
 (DESCRIPTION=(ADDRESS_LIST=(ADDRESS=(PROTOCOL=BEQ)(PROGRAM=oracle80)(ARGV0=oracle80ORCL)(ARGS='(DESCRIPTION=(LOCAL=YES)(ADDRESS=(PROTOCOL=beq)))')))(CONNECT_DATA=(SID=ORCL)(CID=(PROGRAM=F:\Program Files\Microsoft Visual Studio\VB98\vb6.exe)(HOST=HTPHUONG)(USER=Administrator))))

  VERSION INFORMATION:
	TNS for 32-bit Windows: Version 8.0.6.3.0 - Production
	Oracle Bequeath NT Protocol Adapter for 32-bit Windows: Version 8.0.6.3.0 - Production
  Time: 02-MAY-2012 10:26:57
  Tracing not turned on.
  Tns error struct:
    nr err code: 12203
    TNS-12203: TNS:unable to connect to destination
    ns main err code: 12560
    TNS-12560: TNS:protocol adapter error
    ns secondary err code: 0
    nt main err code: 530
    TNS-00530: Protocol adapter error
    nt secondary err code: 0
    nt OS err code: 0


***********************************************************************
Fatal NI connect error 12203, connecting to:
 (DESCRIPTION=(ADDRESS=(PROTOCOL=TCP)(HOST=10.64.29.17)(PORT=1521))(CONNECT_DATA=(SID=BMT)(CID=(PROGRAM=F:\Program Files\Microsoft Visual Studio\VB98\vb6.exe)(HOST=HTPHUONG)(USER=Administrator))))

  VERSION INFORMATION:
	TNS for 32-bit Windows: Version 8.0.6.3.0 - Production
	Windows NT TCP/IP NT Protocol Adapter for 32-bit Windows: Version 8.0.6.0.0 - Production
  Time: 05-OCT-2012 09:37:01
  Tracing not turned on.
  Tns error struct:
    nr err code: 12203
    TNS-12203: TNS:unable to connect to destination
    ns main err code: 12535
    TNS-12535: TNS:operation timed out
    ns secondary err code: 12560
    nt main err code: 505
    TNS-00505: Operation timed out
    nt secondary err code: 60
    nt OS err code: 0


***********************************************************************
Fatal NI connect error 12203, connecting to:
 (DESCRIPTION=(ADDRESS_LIST=(ADDRESS=(PROTOCOL=BEQ)(PROGRAM=oracle80)(ARGV0=oracle80ORCL)(ARGS='(DESCRIPTION=(LOCAL=YES)(ADDRESS=(PROTOCOL=beq)))')))(CONNECT_DATA=(SID=ORCL)(CID=(PROGRAM=F:\Program Files\Microsoft Visual Studio\VB98\vb6.exe)(HOST=HTPHUONG)(USER=Administrator))))

  VERSION INFORMATION:
	TNS for 32-bit Windows: Version 8.0.6.3.0 - Production
	Oracle Bequeath NT Protocol Adapter for 32-bit Windows: Version 8.0.6.3.0 - Production
  Time: 05-OCT-2012 09:37:01
  Tracing not turned on.
  Tns error struct:
    nr err code: 12203
    TNS-12203: TNS:unable to connect to destination
    ns main err code: 12560
    TNS-12560: TNS:protocol adapter error
    ns secondary err code: 0
    nt main err code: 530
    TNS-00530: Protocol adapter error
    nt secondary err code: 0
    nt OS err code: 0


***********************************************************************
Fatal NI connect error 12203, connecting to:
 (DESCRIPTION=(ADDRESS=(PROTOCOL=TCP)(HOST=10.64.29.17)(PORT=1521))(CONNECT_DATA=(SID=BMT)(CID=(PROGRAM=F:\Program Files\Microsoft Visual Studio\VB98\vb6.exe)(HOST=HTPHUONG)(USER=Administrator))))

  VERSION INFORMATION:
	TNS for 32-bit Windows: Version 8.0.6.3.0 - Production
	Windows NT TCP/IP NT Protocol Adapter for 32-bit Windows: Version 8.0.6.0.0 - Production
  Time: 09-OCT-2012 10:21:40
  Tracing not turned on.
  Tns error struct:
    nr err code: 12203
    TNS-12203: TNS:unable to connect to destination
    ns main err code: 12535
    TNS-12535: TNS:operation timed out
    ns secondary err code: 12560
    nt main err code: 505
    TNS-00505: Operation timed out
    nt secondary err code: 60
    nt OS err code: 0


***********************************************************************
Fatal NI connect error 12203, connecting to:
 (DESCRIPTION=(ADDRESS_LIST=(ADDRESS=(PROTOCOL=BEQ)(PROGRAM=oracle80)(ARGV0=oracle80ORCL)(ARGS='(DESCRIPTION=(LOCAL=YES)(ADDRESS=(PROTOCOL=beq)))')))(CONNECT_DATA=(SID=ORCL)(CID=(PROGRAM=F:\Program Files\Microsoft Visual Studio\VB98\vb6.exe)(HOST=HTPHUONG)(USER=Administrator))))

  VERSION INFORMATION:
	TNS for 32-bit Windows: Version 8.0.6.3.0 - Production
	Oracle Bequeath NT Protocol Adapter for 32-bit Windows: Version 8.0.6.3.0 - Production
  Time: 09-OCT-2012 10:21:40
  Tracing not turned on.
  Tns error struct:
    nr err code: 12203
    TNS-12203: TNS:unable to connect to destination
    ns main err code: 12560
    TNS-12560: TNS:protocol adapter error
    ns secondary err code: 0
    nt main err code: 530
    TNS-00530: Protocol adapter error
    nt secondary err code: 0
    nt OS err code: 0
